[2026-03-18 05:53:18] local.ERROR: Class "Jorenvh\Share\Providers\ShareServiceProvider" not found {"exception":"[object] (Error(code: 0): Class \"Jorenvh\\Share\\Providers\\ShareServiceProvider\" not found at C:\\xampp\\htdocs\\merlintechbd\\merlin_app\\vendor\\laravel\\framework\\src\\Illuminate\\Foundation\\ProviderRepository.php:206)
[stacktrace]
#0 C:\\xampp\\htdocs\\merlintechbd\\merlin_app\\vendor\\laravel\\framework\\src\\Illuminate\\Foundation\\ProviderRepository.php(142): Illuminate\\Foundation\\ProviderRepository->createProvider('Jorenvh\\\\Share\\\\P...')
#1 C:\\xampp\\htdocs\\merlintechbd\\merlin_app\\vendor\\laravel\\framework\\src\\Illuminate\\Foundation\\ProviderRepository.php(61): Illuminate\\Foundation\\ProviderRepository->compileManifest(Array)
#2 C:\\xampp\\htdocs\\merlintechbd\\merlin_app\\vendor\\laravel\\framework\\src\\Illuminate\\Foundation\\Application.php(741): Illuminate\\Foundation\\ProviderRepository->load(Array)
#3 C:\\xampp\\htdocs\\merlintechbd\\merlin_app\\vendor\\laravel\\framework\\src\\Illuminate\\Foundation\\Bootstrap\\RegisterProviders.php(17): Illuminate\\Foundation\\Application->registerConfiguredProviders()
#4 C:\\xampp\\htdocs\\merlintechbd\\merlin_app\\vendor\\laravel\\framework\\src\\Illuminate\\Foundation\\Application.php(261): Illuminate\\Foundation\\Bootstrap\\RegisterProviders->bootstrap(Object(Illuminate\\Foundation\\Application))
#5 C:\\xampp\\htdocs\\merlintechbd\\merlin_app\\vendor\\laravel\\framework\\src\\Illuminate\\Foundation\\Console\\Kernel.php(428): Illuminate\\Foundation\\Application->bootstrapWith(Array)
#6 C:\\xampp\\htdocs\\merlintechbd\\merlin_app\\vendor\\laravel\\framework\\src\\Illuminate\\Foundation\\Console\\Kernel.php(198): Illuminate\\Foundation\\Console\\Kernel->bootstrap()
#7 C:\\xampp\\htdocs\\merlintechbd\\merlin_app\\artisan(35): Illuminate\\Foundation\\Console\\Kernel->handle(Object(Symfony\\Component\\Console\\Input\\ArgvInput), Object(Symfony\\Component\\Console\\Output\\ConsoleOutput))
#8 {main}
"} 
[2026-03-18 05:53:19] local.ERROR: __VSCODE_LARAVEL_STARTUP_ERROR__: Class "Jorenvh\Share\Providers\ShareServiceProvider" not found {"exception":"[object] (Error(code: 0): __VSCODE_LARAVEL_STARTUP_ERROR__: Class \"Jorenvh\\Share\\Providers\\ShareServiceProvider\" not found at C:\\xampp\\htdocs\\merlintechbd\\merlin_app\\vendor\\_laravel_ide\\discover-ec2e9975ebf5755f76a162b3dce99361.php:33)
[stacktrace]
#0 C:\\xampp\\htdocs\\merlintechbd\\merlin_app\\vendor\\_laravel_ide\\discover-ec2e9975ebf5755f76a162b3dce99361.php(62): LaravelVsCode::startupError(Object(Error))
#1 {main}
"} 
[2026-03-18 05:53:19] local.ERROR: __VSCODE_LARAVEL_STARTUP_ERROR__: Class "Jorenvh\Share\Providers\ShareServiceProvider" not found {"exception":"[object] (Error(code: 0): __VSCODE_LARAVEL_STARTUP_ERROR__: Class \"Jorenvh\\Share\\Providers\\ShareServiceProvider\" not found at C:\\xampp\\htdocs\\merlintechbd\\merlin_app\\vendor\\_laravel_ide\\discover-5b6a8384942db1c03ab2ddca280c9dbf.php:33)
[stacktrace]
#0 C:\\xampp\\htdocs\\merlintechbd\\merlin_app\\vendor\\_laravel_ide\\discover-5b6a8384942db1c03ab2ddca280c9dbf.php(62): LaravelVsCode::startupError(Object(Error))
#1 {main}
"} 
[2026-03-18 05:53:19] local.ERROR: __VSCODE_LARAVEL_STARTUP_ERROR__: Class "Jorenvh\Share\Providers\ShareServiceProvider" not found {"exception":"[object] (Error(code: 0): __VSCODE_LARAVEL_STARTUP_ERROR__: Class \"Jorenvh\\Share\\Providers\\ShareServiceProvider\" not found at C:\\xampp\\htdocs\\merlintechbd\\merlin_app\\vendor\\_laravel_ide\\discover-cfae44312a91110c691459b4106ded61.php:33)
[stacktrace]
#0 C:\\xampp\\htdocs\\merlintechbd\\merlin_app\\vendor\\_laravel_ide\\discover-cfae44312a91110c691459b4106ded61.php(62): LaravelVsCode::startupError(Object(Error))
#1 {main}
"} 
[2026-03-18 05:53:19] local.ERROR: __VSCODE_LARAVEL_STARTUP_ERROR__: Class "Jorenvh\Share\Providers\ShareServiceProvider" not found {"exception":"[object] (Error(code: 0): __VSCODE_LARAVEL_STARTUP_ERROR__: Class \"Jorenvh\\Share\\Providers\\ShareServiceProvider\" not found at C:\\xampp\\htdocs\\merlintechbd\\merlin_app\\vendor\\_laravel_ide\\discover-6d96201ad95cad12367117063c707ebf.php:33)
[stacktrace]
#0 C:\\xampp\\htdocs\\merlintechbd\\merlin_app\\vendor\\_laravel_ide\\discover-6d96201ad95cad12367117063c707ebf.php(62): LaravelVsCode::startupError(Object(Error))
#1 {main}
"} 
[2026-03-18 05:53:19] local.ERROR: __VSCODE_LARAVEL_STARTUP_ERROR__: Class "Jorenvh\Share\Providers\ShareServiceProvider" not found {"exception":"[object] (Error(code: 0): __VSCODE_LARAVEL_STARTUP_ERROR__: Class \"Jorenvh\\Share\\Providers\\ShareServiceProvider\" not found at C:\\xampp\\htdocs\\merlintechbd\\merlin_app\\vendor\\_laravel_ide\\discover-19804082b122017c46bdac205a3a1912.php:33)
[stacktrace]
#0 C:\\xampp\\htdocs\\merlintechbd\\merlin_app\\vendor\\_laravel_ide\\discover-19804082b122017c46bdac205a3a1912.php(62): LaravelVsCode::startupError(Object(Error))
#1 {main}
"} 
[2026-03-18 05:53:19] local.ERROR: __VSCODE_LARAVEL_STARTUP_ERROR__: Class "Jorenvh\Share\Providers\ShareServiceProvider" not found {"exception":"[object] (Error(code: 0): __VSCODE_LARAVEL_STARTUP_ERROR__: Class \"Jorenvh\\Share\\Providers\\ShareServiceProvider\" not found at C:\\xampp\\htdocs\\merlintechbd\\merlin_app\\vendor\\_laravel_ide\\discover-f5442aeac73a6a9021bd7ce113d6a606.php:33)
[stacktrace]
#0 C:\\xampp\\htdocs\\merlintechbd\\merlin_app\\vendor\\_laravel_ide\\discover-f5442aeac73a6a9021bd7ce113d6a606.php(62): LaravelVsCode::startupError(Object(Error))
#1 {main}
"} 
[2026-03-18 05:53:19] local.ERROR: __VSCODE_LARAVEL_STARTUP_ERROR__: Class "Jorenvh\Share\Providers\ShareServiceProvider" not found {"exception":"[object] (Error(code: 0): __VSCODE_LARAVEL_STARTUP_ERROR__: Class \"Jorenvh\\Share\\Providers\\ShareServiceProvider\" not found at C:\\xampp\\htdocs\\merlintechbd\\merlin_app\\vendor\\_laravel_ide\\discover-31b934f114eabc246b541addb8b458e3.php:33)
[stacktrace]
#0 C:\\xampp\\htdocs\\merlintechbd\\merlin_app\\vendor\\_laravel_ide\\discover-31b934f114eabc246b541addb8b458e3.php(62): LaravelVsCode::startupError(Object(Error))
#1 {main}
"} 
[2026-03-18 05:53:19] local.ERROR: __VSCODE_LARAVEL_STARTUP_ERROR__: Class "Jorenvh\Share\Providers\ShareServiceProvider" not found {"exception":"[object] (Error(code: 0): __VSCODE_LARAVEL_STARTUP_ERROR__: Class \"Jorenvh\\Share\\Providers\\ShareServiceProvider\" not found at C:\\xampp\\htdocs\\merlintechbd\\merlin_app\\vendor\\_laravel_ide\\discover-af6a300c8cbdb761fde4dbad46137744.php:33)
[stacktrace]
#0 C:\\xampp\\htdocs\\merlintechbd\\merlin_app\\vendor\\_laravel_ide\\discover-af6a300c8cbdb761fde4dbad46137744.php(62): LaravelVsCode::startupError(Object(Error))
#1 {main}
"} 
[2026-03-18 05:53:19] local.ERROR: __VSCODE_LARAVEL_STARTUP_ERROR__: Class "Jorenvh\Share\Providers\ShareServiceProvider" not found {"exception":"[object] (Error(code: 0): __VSCODE_LARAVEL_STARTUP_ERROR__: Class \"Jorenvh\\Share\\Providers\\ShareServiceProvider\" not found at C:\\xampp\\htdocs\\merlintechbd\\merlin_app\\vendor\\_laravel_ide\\discover-7563160ca998bde672640aa1e68dfd08.php:33)
[stacktrace]
#0 C:\\xampp\\htdocs\\merlintechbd\\merlin_app\\vendor\\_laravel_ide\\discover-7563160ca998bde672640aa1e68dfd08.php(62): LaravelVsCode::startupError(Object(Error))
#1 {main}
"} 
[2026-03-18 05:53:19] local.ERROR: __VSCODE_LARAVEL_STARTUP_ERROR__: Class "Jorenvh\Share\Providers\ShareServiceProvider" not found {"exception":"[object] (Error(code: 0): __VSCODE_LARAVEL_STARTUP_ERROR__: Class \"Jorenvh\\Share\\Providers\\ShareServiceProvider\" not found at C:\\xampp\\htdocs\\merlintechbd\\merlin_app\\vendor\\_laravel_ide\\discover-d0db14e97ea79bbd555b67efc9beed9f.php:33)
[stacktrace]
#0 C:\\xampp\\htdocs\\merlintechbd\\merlin_app\\vendor\\_laravel_ide\\discover-d0db14e97ea79bbd555b67efc9beed9f.php(62): LaravelVsCode::startupError(Object(Error))
#1 {main}
"} 
[2026-03-18 05:53:20] local.ERROR: __VSCODE_LARAVEL_STARTUP_ERROR__: Class "Jorenvh\Share\Providers\ShareServiceProvider" not found {"exception":"[object] (Error(code: 0): __VSCODE_LARAVEL_STARTUP_ERROR__: Class \"Jorenvh\\Share\\Providers\\ShareServiceProvider\" not found at C:\\xampp\\htdocs\\merlintechbd\\merlin_app\\vendor\\_laravel_ide\\discover-cfae44312a91110c691459b4106ded61.php:33)
[stacktrace]
#0 C:\\xampp\\htdocs\\merlintechbd\\merlin_app\\vendor\\_laravel_ide\\discover-cfae44312a91110c691459b4106ded61.php(62): LaravelVsCode::startupError(Object(Error))
#1 {main}
"} 
[2026-03-18 05:53:20] local.ERROR: __VSCODE_LARAVEL_STARTUP_ERROR__: Class "Jorenvh\Share\Providers\ShareServiceProvider" not found {"exception":"[object] (Error(code: 0): __VSCODE_LARAVEL_STARTUP_ERROR__: Class \"Jorenvh\\Share\\Providers\\ShareServiceProvider\" not found at C:\\xampp\\htdocs\\merlintechbd\\merlin_app\\vendor\\_laravel_ide\\discover-af6a300c8cbdb761fde4dbad46137744.php:33)
[stacktrace]
#0 C:\\xampp\\htdocs\\merlintechbd\\merlin_app\\vendor\\_laravel_ide\\discover-af6a300c8cbdb761fde4dbad46137744.php(62): LaravelVsCode::startupError(Object(Error))
#1 {main}
"} 
[2026-03-18 05:53:20] local.ERROR: __VSCODE_LARAVEL_STARTUP_ERROR__: Class "Jorenvh\Share\Providers\ShareServiceProvider" not found {"exception":"[object] (Error(code: 0): __VSCODE_LARAVEL_STARTUP_ERROR__: Class \"Jorenvh\\Share\\Providers\\ShareServiceProvider\" not found at C:\\xampp\\htdocs\\merlintechbd\\merlin_app\\vendor\\_laravel_ide\\discover-6d96201ad95cad12367117063c707ebf.php:33)
[stacktrace]
#0 C:\\xampp\\htdocs\\merlintechbd\\merlin_app\\vendor\\_laravel_ide\\discover-6d96201ad95cad12367117063c707ebf.php(62): LaravelVsCode::startupError(Object(Error))
#1 {main}
"} 
[2026-03-18 05:53:20] local.ERROR: __VSCODE_LARAVEL_STARTUP_ERROR__: Class "Jorenvh\Share\Providers\ShareServiceProvider" not found {"exception":"[object] (Error(code: 0): __VSCODE_LARAVEL_STARTUP_ERROR__: Class \"Jorenvh\\Share\\Providers\\ShareServiceProvider\" not found at C:\\xampp\\htdocs\\merlintechbd\\merlin_app\\vendor\\_laravel_ide\\discover-f5442aeac73a6a9021bd7ce113d6a606.php:33)
[stacktrace]
#0 C:\\xampp\\htdocs\\merlintechbd\\merlin_app\\vendor\\_laravel_ide\\discover-f5442aeac73a6a9021bd7ce113d6a606.php(62): LaravelVsCode::startupError(Object(Error))
#1 {main}
"} 
[2026-03-18 05:53:20] local.ERROR: __VSCODE_LARAVEL_STARTUP_ERROR__: Class "Jorenvh\Share\Providers\ShareServiceProvider" not found {"exception":"[object] (Error(code: 0): __VSCODE_LARAVEL_STARTUP_ERROR__: Class \"Jorenvh\\Share\\Providers\\ShareServiceProvider\" not found at C:\\xampp\\htdocs\\merlintechbd\\merlin_app\\vendor\\_laravel_ide\\discover-5b6a8384942db1c03ab2ddca280c9dbf.php:33)
[stacktrace]
#0 C:\\xampp\\htdocs\\merlintechbd\\merlin_app\\vendor\\_laravel_ide\\discover-5b6a8384942db1c03ab2ddca280c9dbf.php(62): LaravelVsCode::startupError(Object(Error))
#1 {main}
"} 
[2026-03-18 06:10:45] local.ERROR: Class "Jorenvh\Share\Providers\ShareServiceProvider" not found {"exception":"[object] (Error(code: 0): Class \"Jorenvh\\Share\\Providers\\ShareServiceProvider\" not found at C:\\xampp\\htdocs\\merlintechbd\\merlin_app\\vendor\\laravel\\framework\\src\\Illuminate\\Foundation\\ProviderRepository.php:206)
[stacktrace]
#0 C:\\xampp\\htdocs\\merlintechbd\\merlin_app\\vendor\\laravel\\framework\\src\\Illuminate\\Foundation\\ProviderRepository.php(142): Illuminate\\Foundation\\ProviderRepository->createProvider('Jorenvh\\\\Share\\\\P...')
#1 C:\\xampp\\htdocs\\merlintechbd\\merlin_app\\vendor\\laravel\\framework\\src\\Illuminate\\Foundation\\ProviderRepository.php(61): Illuminate\\Foundation\\ProviderRepository->compileManifest(Array)
#2 C:\\xampp\\htdocs\\merlintechbd\\merlin_app\\vendor\\laravel\\framework\\src\\Illuminate\\Foundation\\Application.php(741): Illuminate\\Foundation\\ProviderRepository->load(Array)
#3 C:\\xampp\\htdocs\\merlintechbd\\merlin_app\\vendor\\laravel\\framework\\src\\Illuminate\\Foundation\\Bootstrap\\RegisterProviders.php(17): Illuminate\\Foundation\\Application->registerConfiguredProviders()
#4 C:\\xampp\\htdocs\\merlintechbd\\merlin_app\\vendor\\laravel\\framework\\src\\Illuminate\\Foundation\\Application.php(261): Illuminate\\Foundation\\Bootstrap\\RegisterProviders->bootstrap(Object(Illuminate\\Foundation\\Application))
#5 C:\\xampp\\htdocs\\merlintechbd\\merlin_app\\vendor\\laravel\\framework\\src\\Illuminate\\Foundation\\Console\\Kernel.php(428): Illuminate\\Foundation\\Application->bootstrapWith(Array)
#6 C:\\xampp\\htdocs\\merlintechbd\\merlin_app\\vendor\\laravel\\framework\\src\\Illuminate\\Foundation\\Console\\Kernel.php(198): Illuminate\\Foundation\\Console\\Kernel->bootstrap()
#7 C:\\xampp\\htdocs\\merlintechbd\\merlin_app\\artisan(35): Illuminate\\Foundation\\Console\\Kernel->handle(Object(Symfony\\Component\\Console\\Input\\ArgvInput), Object(Symfony\\Component\\Console\\Output\\ConsoleOutput))
#8 {main}
"} 
[2026-03-18 06:10:56] local.ERROR: Class "Jorenvh\Share\Providers\ShareServiceProvider" not found {"exception":"[object] (Error(code: 0): Class \"Jorenvh\\Share\\Providers\\ShareServiceProvider\" not found at C:\\xampp\\htdocs\\merlintechbd\\merlin_app\\vendor\\laravel\\framework\\src\\Illuminate\\Foundation\\ProviderRepository.php:206)
[stacktrace]
#0 C:\\xampp\\htdocs\\merlintechbd\\merlin_app\\vendor\\laravel\\framework\\src\\Illuminate\\Foundation\\ProviderRepository.php(142): Illuminate\\Foundation\\ProviderRepository->createProvider('Jorenvh\\\\Share\\\\P...')
#1 C:\\xampp\\htdocs\\merlintechbd\\merlin_app\\vendor\\laravel\\framework\\src\\Illuminate\\Foundation\\ProviderRepository.php(61): Illuminate\\Foundation\\ProviderRepository->compileManifest(Array)
#2 C:\\xampp\\htdocs\\merlintechbd\\merlin_app\\vendor\\laravel\\framework\\src\\Illuminate\\Foundation\\Application.php(741): Illuminate\\Foundation\\ProviderRepository->load(Array)
#3 C:\\xampp\\htdocs\\merlintechbd\\merlin_app\\vendor\\laravel\\framework\\src\\Illuminate\\Foundation\\Bootstrap\\RegisterProviders.php(17): Illuminate\\Foundation\\Application->registerConfiguredProviders()
#4 C:\\xampp\\htdocs\\merlintechbd\\merlin_app\\vendor\\laravel\\framework\\src\\Illuminate\\Foundation\\Application.php(261): Illuminate\\Foundation\\Bootstrap\\RegisterProviders->bootstrap(Object(Illuminate\\Foundation\\Application))
#5 C:\\xampp\\htdocs\\merlintechbd\\merlin_app\\vendor\\laravel\\framework\\src\\Illuminate\\Foundation\\Console\\Kernel.php(428): Illuminate\\Foundation\\Application->bootstrapWith(Array)
#6 C:\\xampp\\htdocs\\merlintechbd\\merlin_app\\vendor\\laravel\\framework\\src\\Illuminate\\Foundation\\Console\\Kernel.php(198): Illuminate\\Foundation\\Console\\Kernel->bootstrap()
#7 C:\\xampp\\htdocs\\merlintechbd\\merlin_app\\artisan(35): Illuminate\\Foundation\\Console\\Kernel->handle(Object(Symfony\\Component\\Console\\Input\\ArgvInput), Object(Symfony\\Component\\Console\\Output\\ConsoleOutput))
#8 {main}
"} 
[2026-03-18 06:11:10] local.ERROR: Class "Jorenvh\Share\Providers\ShareServiceProvider" not found {"exception":"[object] (Error(code: 0): Class \"Jorenvh\\Share\\Providers\\ShareServiceProvider\" not found at C:\\xampp\\htdocs\\merlintechbd\\merlin_app\\vendor\\laravel\\framework\\src\\Illuminate\\Foundation\\ProviderRepository.php:206)
[stacktrace]
#0 C:\\xampp\\htdocs\\merlintechbd\\merlin_app\\vendor\\laravel\\framework\\src\\Illuminate\\Foundation\\ProviderRepository.php(142): Illuminate\\Foundation\\ProviderRepository->createProvider('Jorenvh\\\\Share\\\\P...')
#1 C:\\xampp\\htdocs\\merlintechbd\\merlin_app\\vendor\\laravel\\framework\\src\\Illuminate\\Foundation\\ProviderRepository.php(61): Illuminate\\Foundation\\ProviderRepository->compileManifest(Array)
#2 C:\\xampp\\htdocs\\merlintechbd\\merlin_app\\vendor\\laravel\\framework\\src\\Illuminate\\Foundation\\Application.php(741): Illuminate\\Foundation\\ProviderRepository->load(Array)
#3 C:\\xampp\\htdocs\\merlintechbd\\merlin_app\\vendor\\laravel\\framework\\src\\Illuminate\\Foundation\\Bootstrap\\RegisterProviders.php(17): Illuminate\\Foundation\\Application->registerConfiguredProviders()
#4 C:\\xampp\\htdocs\\merlintechbd\\merlin_app\\vendor\\laravel\\framework\\src\\Illuminate\\Foundation\\Application.php(261): Illuminate\\Foundation\\Bootstrap\\RegisterProviders->bootstrap(Object(Illuminate\\Foundation\\Application))
#5 C:\\xampp\\htdocs\\merlintechbd\\merlin_app\\vendor\\laravel\\framework\\src\\Illuminate\\Foundation\\Console\\Kernel.php(428): Illuminate\\Foundation\\Application->bootstrapWith(Array)
#6 C:\\xampp\\htdocs\\merlintechbd\\merlin_app\\vendor\\laravel\\framework\\src\\Illuminate\\Foundation\\Console\\Kernel.php(198): Illuminate\\Foundation\\Console\\Kernel->bootstrap()
#7 C:\\xampp\\htdocs\\merlintechbd\\merlin_app\\artisan(35): Illuminate\\Foundation\\Console\\Kernel->handle(Object(Symfony\\Component\\Console\\Input\\ArgvInput), Object(Symfony\\Component\\Console\\Output\\ConsoleOutput))
#8 {main}
"} 
[2026-03-18 06:13:00] local.ERROR: Class "Maatwebsite\Excel\ExcelServiceProvider" not found {"exception":"[object] (Error(code: 0): Class \"Maatwebsite\\Excel\\ExcelServiceProvider\" not found at C:\\xampp\\htdocs\\merlintechbd\\merlin_app\\vendor\\laravel\\framework\\src\\Illuminate\\Foundation\\ProviderRepository.php:206)
[stacktrace]
#0 C:\\xampp\\htdocs\\merlintechbd\\merlin_app\\vendor\\laravel\\framework\\src\\Illuminate\\Foundation\\ProviderRepository.php(142): Illuminate\\Foundation\\ProviderRepository->createProvider('Maatwebsite\\\\Exc...')
#1 C:\\xampp\\htdocs\\merlintechbd\\merlin_app\\vendor\\laravel\\framework\\src\\Illuminate\\Foundation\\ProviderRepository.php(61): Illuminate\\Foundation\\ProviderRepository->compileManifest(Array)
#2 C:\\xampp\\htdocs\\merlintechbd\\merlin_app\\vendor\\laravel\\framework\\src\\Illuminate\\Foundation\\Application.php(741): Illuminate\\Foundation\\ProviderRepository->load(Array)
#3 C:\\xampp\\htdocs\\merlintechbd\\merlin_app\\vendor\\laravel\\framework\\src\\Illuminate\\Foundation\\Bootstrap\\RegisterProviders.php(17): Illuminate\\Foundation\\Application->registerConfiguredProviders()
#4 C:\\xampp\\htdocs\\merlintechbd\\merlin_app\\vendor\\laravel\\framework\\src\\Illuminate\\Foundation\\Application.php(261): Illuminate\\Foundation\\Bootstrap\\RegisterProviders->bootstrap(Object(Illuminate\\Foundation\\Application))
#5 C:\\xampp\\htdocs\\merlintechbd\\merlin_app\\vendor\\laravel\\framework\\src\\Illuminate\\Foundation\\Console\\Kernel.php(428): Illuminate\\Foundation\\Application->bootstrapWith(Array)
#6 C:\\xampp\\htdocs\\merlintechbd\\merlin_app\\vendor\\laravel\\framework\\src\\Illuminate\\Foundation\\Console\\Kernel.php(198): Illuminate\\Foundation\\Console\\Kernel->bootstrap()
#7 C:\\xampp\\htdocs\\merlintechbd\\merlin_app\\artisan(35): Illuminate\\Foundation\\Console\\Kernel->handle(Object(Symfony\\Component\\Console\\Input\\ArgvInput), Object(Symfony\\Component\\Console\\Output\\ConsoleOutput))
#8 {main}
"} 
[2026-03-18 06:13:01] local.ERROR: __VSCODE_LARAVEL_STARTUP_ERROR__: Class "Maatwebsite\Excel\ExcelServiceProvider" not found {"exception":"[object] (Error(code: 0): __VSCODE_LARAVEL_STARTUP_ERROR__: Class \"Maatwebsite\\Excel\\ExcelServiceProvider\" not found at C:\\xampp\\htdocs\\merlintechbd\\merlin_app\\vendor\\_laravel_ide\\discover-6d96201ad95cad12367117063c707ebf.php:33)
[stacktrace]
#0 C:\\xampp\\htdocs\\merlintechbd\\merlin_app\\vendor\\_laravel_ide\\discover-6d96201ad95cad12367117063c707ebf.php(62): LaravelVsCode::startupError(Object(Error))
#1 {main}
"} 
[2026-03-18 06:13:01] local.ERROR: __VSCODE_LARAVEL_STARTUP_ERROR__: Class "Maatwebsite\Excel\ExcelServiceProvider" not found {"exception":"[object] (Error(code: 0): __VSCODE_LARAVEL_STARTUP_ERROR__: Class \"Maatwebsite\\Excel\\ExcelServiceProvider\" not found at C:\\xampp\\htdocs\\merlintechbd\\merlin_app\\vendor\\_laravel_ide\\discover-f5442aeac73a6a9021bd7ce113d6a606.php:33)
[stacktrace]
#0 C:\\xampp\\htdocs\\merlintechbd\\merlin_app\\vendor\\_laravel_ide\\discover-f5442aeac73a6a9021bd7ce113d6a606.php(62): LaravelVsCode::startupError(Object(Error))
#1 {main}
"} 
[2026-03-18 06:13:01] local.ERROR: __VSCODE_LARAVEL_STARTUP_ERROR__: Class "Maatwebsite\Excel\ExcelServiceProvider" not found {"exception":"[object] (Error(code: 0): __VSCODE_LARAVEL_STARTUP_ERROR__: Class \"Maatwebsite\\Excel\\ExcelServiceProvider\" not found at C:\\xampp\\htdocs\\merlintechbd\\merlin_app\\vendor\\_laravel_ide\\discover-af6a300c8cbdb761fde4dbad46137744.php:33)
[stacktrace]
#0 C:\\xampp\\htdocs\\merlintechbd\\merlin_app\\vendor\\_laravel_ide\\discover-af6a300c8cbdb761fde4dbad46137744.php(62): LaravelVsCode::startupError(Object(Error))
#1 {main}
"} 
[2026-03-18 06:13:01] local.ERROR: __VSCODE_LARAVEL_STARTUP_ERROR__: Class "Maatwebsite\Excel\ExcelServiceProvider" not found {"exception":"[object] (Error(code: 0): __VSCODE_LARAVEL_STARTUP_ERROR__: Class \"Maatwebsite\\Excel\\ExcelServiceProvider\" not found at C:\\xampp\\htdocs\\merlintechbd\\merlin_app\\vendor\\_laravel_ide\\discover-ec2e9975ebf5755f76a162b3dce99361.php:33)
[stacktrace]
#0 C:\\xampp\\htdocs\\merlintechbd\\merlin_app\\vendor\\_laravel_ide\\discover-ec2e9975ebf5755f76a162b3dce99361.php(62): LaravelVsCode::startupError(Object(Error))
#1 {main}
"} 
[2026-03-18 06:13:01] local.ERROR: __VSCODE_LARAVEL_STARTUP_ERROR__: Class "Maatwebsite\Excel\ExcelServiceProvider" not found {"exception":"[object] (Error(code: 0): __VSCODE_LARAVEL_STARTUP_ERROR__: Class \"Maatwebsite\\Excel\\ExcelServiceProvider\" not found at C:\\xampp\\htdocs\\merlintechbd\\merlin_app\\vendor\\_laravel_ide\\discover-31b934f114eabc246b541addb8b458e3.php:33)
[stacktrace]
#0 C:\\xampp\\htdocs\\merlintechbd\\merlin_app\\vendor\\_laravel_ide\\discover-31b934f114eabc246b541addb8b458e3.php(62): LaravelVsCode::startupError(Object(Error))
#1 {main}
"} 
[2026-03-18 06:13:01] local.ERROR: __VSCODE_LARAVEL_STARTUP_ERROR__: Class "Maatwebsite\Excel\ExcelServiceProvider" not found {"exception":"[object] (Error(code: 0): __VSCODE_LARAVEL_STARTUP_ERROR__: Class \"Maatwebsite\\Excel\\ExcelServiceProvider\" not found at C:\\xampp\\htdocs\\merlintechbd\\merlin_app\\vendor\\_laravel_ide\\discover-cfae44312a91110c691459b4106ded61.php:33)
[stacktrace]
#0 C:\\xampp\\htdocs\\merlintechbd\\merlin_app\\vendor\\_laravel_ide\\discover-cfae44312a91110c691459b4106ded61.php(62): LaravelVsCode::startupError(Object(Error))
#1 {main}
"} 
[2026-03-18 06:13:01] local.ERROR: __VSCODE_LARAVEL_STARTUP_ERROR__: Class "Maatwebsite\Excel\ExcelServiceProvider" not found {"exception":"[object] (Error(code: 0): __VSCODE_LARAVEL_STARTUP_ERROR__: Class \"Maatwebsite\\Excel\\ExcelServiceProvider\" not found at C:\\xampp\\htdocs\\merlintechbd\\merlin_app\\vendor\\_laravel_ide\\discover-19804082b122017c46bdac205a3a1912.php:33)
[stacktrace]
#0 C:\\xampp\\htdocs\\merlintechbd\\merlin_app\\vendor\\_laravel_ide\\discover-19804082b122017c46bdac205a3a1912.php(62): LaravelVsCode::startupError(Object(Error))
#1 {main}
"} 
[2026-03-18 06:13:01] local.ERROR: __VSCODE_LARAVEL_STARTUP_ERROR__: Class "Maatwebsite\Excel\ExcelServiceProvider" not found {"exception":"[object] (Error(code: 0): __VSCODE_LARAVEL_STARTUP_ERROR__: Class \"Maatwebsite\\Excel\\ExcelServiceProvider\" not found at C:\\xampp\\htdocs\\merlintechbd\\merlin_app\\vendor\\_laravel_ide\\discover-5b6a8384942db1c03ab2ddca280c9dbf.php:33)
[stacktrace]
#0 C:\\xampp\\htdocs\\merlintechbd\\merlin_app\\vendor\\_laravel_ide\\discover-5b6a8384942db1c03ab2ddca280c9dbf.php(62): LaravelVsCode::startupError(Object(Error))
#1 {main}
"} 
[2026-03-18 06:13:02] local.ERROR: __VSCODE_LARAVEL_STARTUP_ERROR__: Class "Maatwebsite\Excel\ExcelServiceProvider" not found {"exception":"[object] (Error(code: 0): __VSCODE_LARAVEL_STARTUP_ERROR__: Class \"Maatwebsite\\Excel\\ExcelServiceProvider\" not found at C:\\xampp\\htdocs\\merlintechbd\\merlin_app\\vendor\\_laravel_ide\\discover-7563160ca998bde672640aa1e68dfd08.php:33)
[stacktrace]
#0 C:\\xampp\\htdocs\\merlintechbd\\merlin_app\\vendor\\_laravel_ide\\discover-7563160ca998bde672640aa1e68dfd08.php(62): LaravelVsCode::startupError(Object(Error))
#1 {main}
"} 
[2026-03-18 06:13:02] local.ERROR: __VSCODE_LARAVEL_STARTUP_ERROR__: Class "Maatwebsite\Excel\ExcelServiceProvider" not found {"exception":"[object] (Error(code: 0): __VSCODE_LARAVEL_STARTUP_ERROR__: Class \"Maatwebsite\\Excel\\ExcelServiceProvider\" not found at C:\\xampp\\htdocs\\merlintechbd\\merlin_app\\vendor\\_laravel_ide\\discover-d0db14e97ea79bbd555b67efc9beed9f.php:33)
[stacktrace]
#0 C:\\xampp\\htdocs\\merlintechbd\\merlin_app\\vendor\\_laravel_ide\\discover-d0db14e97ea79bbd555b67efc9beed9f.php(62): LaravelVsCode::startupError(Object(Error))
#1 {main}
"} 
[2026-03-18 06:13:02] local.ERROR: __VSCODE_LARAVEL_STARTUP_ERROR__: Class "Maatwebsite\Excel\ExcelServiceProvider" not found {"exception":"[object] (Error(code: 0): __VSCODE_LARAVEL_STARTUP_ERROR__: Class \"Maatwebsite\\Excel\\ExcelServiceProvider\" not found at C:\\xampp\\htdocs\\merlintechbd\\merlin_app\\vendor\\_laravel_ide\\discover-5b6a8384942db1c03ab2ddca280c9dbf.php:33)
[stacktrace]
#0 C:\\xampp\\htdocs\\merlintechbd\\merlin_app\\vendor\\_laravel_ide\\discover-5b6a8384942db1c03ab2ddca280c9dbf.php(62): LaravelVsCode::startupError(Object(Error))
#1 {main}
"} 
[2026-03-18 06:13:02] local.ERROR: __VSCODE_LARAVEL_STARTUP_ERROR__: Class "Maatwebsite\Excel\ExcelServiceProvider" not found {"exception":"[object] (Error(code: 0): __VSCODE_LARAVEL_STARTUP_ERROR__: Class \"Maatwebsite\\Excel\\ExcelServiceProvider\" not found at C:\\xampp\\htdocs\\merlintechbd\\merlin_app\\vendor\\_laravel_ide\\discover-af6a300c8cbdb761fde4dbad46137744.php:33)
[stacktrace]
#0 C:\\xampp\\htdocs\\merlintechbd\\merlin_app\\vendor\\_laravel_ide\\discover-af6a300c8cbdb761fde4dbad46137744.php(62): LaravelVsCode::startupError(Object(Error))
#1 {main}
"} 
[2026-03-18 06:13:02] local.ERROR: __VSCODE_LARAVEL_STARTUP_ERROR__: Class "Maatwebsite\Excel\ExcelServiceProvider" not found {"exception":"[object] (Error(code: 0): __VSCODE_LARAVEL_STARTUP_ERROR__: Class \"Maatwebsite\\Excel\\ExcelServiceProvider\" not found at C:\\xampp\\htdocs\\merlintechbd\\merlin_app\\vendor\\_laravel_ide\\discover-cfae44312a91110c691459b4106ded61.php:33)
[stacktrace]
#0 C:\\xampp\\htdocs\\merlintechbd\\merlin_app\\vendor\\_laravel_ide\\discover-cfae44312a91110c691459b4106ded61.php(62): LaravelVsCode::startupError(Object(Error))
#1 {main}
"} 
[2026-03-18 06:13:02] local.ERROR: __VSCODE_LARAVEL_STARTUP_ERROR__: Class "Maatwebsite\Excel\ExcelServiceProvider" not found {"exception":"[object] (Error(code: 0): __VSCODE_LARAVEL_STARTUP_ERROR__: Class \"Maatwebsite\\Excel\\ExcelServiceProvider\" not found at C:\\xampp\\htdocs\\merlintechbd\\merlin_app\\vendor\\_laravel_ide\\discover-f5442aeac73a6a9021bd7ce113d6a606.php:33)
[stacktrace]
#0 C:\\xampp\\htdocs\\merlintechbd\\merlin_app\\vendor\\_laravel_ide\\discover-f5442aeac73a6a9021bd7ce113d6a606.php(62): LaravelVsCode::startupError(Object(Error))
#1 {main}
"} 
[2026-03-18 06:13:02] local.ERROR: __VSCODE_LARAVEL_STARTUP_ERROR__: Class "Maatwebsite\Excel\ExcelServiceProvider" not found {"exception":"[object] (Error(code: 0): __VSCODE_LARAVEL_STARTUP_ERROR__: Class \"Maatwebsite\\Excel\\ExcelServiceProvider\" not found at C:\\xampp\\htdocs\\merlintechbd\\merlin_app\\vendor\\_laravel_ide\\discover-6d96201ad95cad12367117063c707ebf.php:33)
[stacktrace]
#0 C:\\xampp\\htdocs\\merlintechbd\\merlin_app\\vendor\\_laravel_ide\\discover-6d96201ad95cad12367117063c707ebf.php(62): LaravelVsCode::startupError(Object(Error))
#1 {main}
"} 
[2026-03-18 06:15:04] local.ERROR: Class "Maatwebsite\Excel\ExcelServiceProvider" not found {"exception":"[object] (Error(code: 0): Class \"Maatwebsite\\Excel\\ExcelServiceProvider\" not found at C:\\xampp\\htdocs\\merlintechbd\\merlin_app\\vendor\\laravel\\framework\\src\\Illuminate\\Foundation\\ProviderRepository.php:206)
[stacktrace]
#0 C:\\xampp\\htdocs\\merlintechbd\\merlin_app\\vendor\\laravel\\framework\\src\\Illuminate\\Foundation\\ProviderRepository.php(142): Illuminate\\Foundation\\ProviderRepository->createProvider('Maatwebsite\\\\Exc...')
#1 C:\\xampp\\htdocs\\merlintechbd\\merlin_app\\vendor\\laravel\\framework\\src\\Illuminate\\Foundation\\ProviderRepository.php(61): Illuminate\\Foundation\\ProviderRepository->compileManifest(Array)
#2 C:\\xampp\\htdocs\\merlintechbd\\merlin_app\\vendor\\laravel\\framework\\src\\Illuminate\\Foundation\\Application.php(741): Illuminate\\Foundation\\ProviderRepository->load(Array)
#3 C:\\xampp\\htdocs\\merlintechbd\\merlin_app\\vendor\\laravel\\framework\\src\\Illuminate\\Foundation\\Bootstrap\\RegisterProviders.php(17): Illuminate\\Foundation\\Application->registerConfiguredProviders()
#4 C:\\xampp\\htdocs\\merlintechbd\\merlin_app\\vendor\\laravel\\framework\\src\\Illuminate\\Foundation\\Application.php(261): Illuminate\\Foundation\\Bootstrap\\RegisterProviders->bootstrap(Object(Illuminate\\Foundation\\Application))
#5 C:\\xampp\\htdocs\\merlintechbd\\merlin_app\\vendor\\laravel\\framework\\src\\Illuminate\\Foundation\\Console\\Kernel.php(428): Illuminate\\Foundation\\Application->bootstrapWith(Array)
#6 C:\\xampp\\htdocs\\merlintechbd\\merlin_app\\vendor\\laravel\\framework\\src\\Illuminate\\Foundation\\Console\\Kernel.php(198): Illuminate\\Foundation\\Console\\Kernel->bootstrap()
#7 C:\\xampp\\htdocs\\merlintechbd\\merlin_app\\artisan(35): Illuminate\\Foundation\\Console\\Kernel->handle(Object(Symfony\\Component\\Console\\Input\\ArgvInput), Object(Symfony\\Component\\Console\\Output\\ConsoleOutput))
#8 {main}
"} 
[2026-03-18 06:15:53] local.ERROR: Please provide a valid cache path. {"exception":"[object] (InvalidArgumentException(code: 0): Please provide a valid cache path. at C:\\xampp\\htdocs\\merlintechbd\\merlin_app\\vendor\\laravel\\framework\\src\\Illuminate\\View\\Compilers\\Compiler.php:66)
[stacktrace]
#0 C:\\xampp\\htdocs\\merlintechbd\\merlin_app\\vendor\\laravel\\framework\\src\\Illuminate\\View\\ViewServiceProvider.php(96): Illuminate\\View\\Compilers\\Compiler->__construct(Object(Illuminate\\Filesystem\\Filesystem), false, '', true, 'php')
#1 C:\\xampp\\htdocs\\merlintechbd\\merlin_app\\vendor\\laravel\\framework\\src\\Illuminate\\Container\\Container.php(910): Illuminate\\View\\ViewServiceProvider->Illuminate\\View\\{closure}(Object(Illuminate\\Foundation\\Application), Array)
#2 C:\\xampp\\htdocs\\merlintechbd\\merlin_app\\vendor\\laravel\\framework\\src\\Illuminate\\Container\\Container.php(795): Illuminate\\Container\\Container->build(Object(Closure))
#3 C:\\xampp\\htdocs\\merlintechbd\\merlin_app\\vendor\\laravel\\framework\\src\\Illuminate\\Foundation\\Application.php(933): Illuminate\\Container\\Container->resolve('blade.compiler', Array, true)
#4 C:\\xampp\\htdocs\\merlintechbd\\merlin_app\\vendor\\laravel\\framework\\src\\Illuminate\\Container\\Container.php(731): Illuminate\\Foundation\\Application->resolve('blade.compiler', Array)
#5 C:\\xampp\\htdocs\\merlintechbd\\merlin_app\\vendor\\laravel\\framework\\src\\Illuminate\\Foundation\\Application.php(918): Illuminate\\Container\\Container->make('blade.compiler', Array)
#6 C:\\xampp\\htdocs\\merlintechbd\\merlin_app\\vendor\\laravel\\framework\\src\\Illuminate\\Container\\Container.php(1456): Illuminate\\Foundation\\Application->make('blade.compiler')
#7 C:\\xampp\\htdocs\\merlintechbd\\merlin_app\\vendor\\livewire\\livewire\\src\\LivewireServiceProvider.php(276): Illuminate\\Container\\Container->offsetGet('blade.compiler')
#8 C:\\xampp\\htdocs\\merlintechbd\\merlin_app\\vendor\\livewire\\livewire\\src\\LivewireServiceProvider.php(79): Livewire\\LivewireServiceProvider->registerTagCompiler()
#9 C:\\xampp\\htdocs\\merlintechbd\\merlin_app\\vendor\\laravel\\framework\\src\\Illuminate\\Container\\BoundMethod.php(36): Livewire\\LivewireServiceProvider->boot()
#10 C:\\xampp\\htdocs\\merlintechbd\\merlin_app\\vendor\\laravel\\framework\\src\\Illuminate\\Container\\Util.php(41): Illuminate\\Container\\BoundMethod::Illuminate\\Container\\{closure}()
#11 C:\\xampp\\htdocs\\merlintechbd\\merlin_app\\vendor\\laravel\\framework\\src\\Illuminate\\Container\\BoundMethod.php(93): Illuminate\\Container\\Util::unwrapIfClosure(Object(Closure))
#12 C:\\xampp\\htdocs\\merlintechbd\\merlin_app\\vendor\\laravel\\framework\\src\\Illuminate\\Container\\BoundMethod.php(35): Illuminate\\Container\\BoundMethod::callBoundMethod(Object(Illuminate\\Foundation\\Application), Array, Object(Closure))
#13 C:\\xampp\\htdocs\\merlintechbd\\merlin_app\\vendor\\laravel\\framework\\src\\Illuminate\\Container\\Container.php(662): Illuminate\\Container\\BoundMethod::call(Object(Illuminate\\Foundation\\Application), Array, Array, NULL)
#14 C:\\xampp\\htdocs\\merlintechbd\\merlin_app\\vendor\\laravel\\framework\\src\\Illuminate\\Foundation\\Application.php(1006): Illuminate\\Container\\Container->call(Array)
#15 C:\\xampp\\htdocs\\merlintechbd\\merlin_app\\vendor\\laravel\\framework\\src\\Illuminate\\Foundation\\Application.php(987): Illuminate\\Foundation\\Application->bootProvider(Object(Livewire\\LivewireServiceProvider))
#16 [internal function]: Illuminate\\Foundation\\Application->Illuminate\\Foundation\\{closure}(Object(Livewire\\LivewireServiceProvider), 18)
#17 C:\\xampp\\htdocs\\merlintechbd\\merlin_app\\vendor\\laravel\\framework\\src\\Illuminate\\Foundation\\Application.php(986): array_walk(Array, Object(Closure))
#18 C:\\xampp\\htdocs\\merlintechbd\\merlin_app\\vendor\\laravel\\framework\\src\\Illuminate\\Foundation\\Bootstrap\\BootProviders.php(17): Illuminate\\Foundation\\Application->boot()
#19 C:\\xampp\\htdocs\\merlintechbd\\merlin_app\\vendor\\laravel\\framework\\src\\Illuminate\\Foundation\\Application.php(261): Illuminate\\Foundation\\Bootstrap\\BootProviders->bootstrap(Object(Illuminate\\Foundation\\Application))
#20 C:\\xampp\\htdocs\\merlintechbd\\merlin_app\\vendor\\laravel\\framework\\src\\Illuminate\\Foundation\\Console\\Kernel.php(428): Illuminate\\Foundation\\Application->bootstrapWith(Array)
#21 C:\\xampp\\htdocs\\merlintechbd\\merlin_app\\vendor\\laravel\\framework\\src\\Illuminate\\Foundation\\Console\\Kernel.php(198): Illuminate\\Foundation\\Console\\Kernel->bootstrap()
#22 C:\\xampp\\htdocs\\merlintechbd\\merlin_app\\artisan(35): Illuminate\\Foundation\\Console\\Kernel->handle(Object(Symfony\\Component\\Console\\Input\\ArgvInput), Object(Symfony\\Component\\Console\\Output\\ConsoleOutput))
#23 {main}
"} 
[2026-03-18 06:16:12] local.ERROR: Please provide a valid cache path. {"exception":"[object] (InvalidArgumentException(code: 0): Please provide a valid cache path. at C:\\xampp\\htdocs\\merlintechbd\\merlin_app\\vendor\\laravel\\framework\\src\\Illuminate\\View\\Compilers\\Compiler.php:66)
[stacktrace]
#0 C:\\xampp\\htdocs\\merlintechbd\\merlin_app\\vendor\\laravel\\framework\\src\\Illuminate\\View\\ViewServiceProvider.php(96): Illuminate\\View\\Compilers\\Compiler->__construct(Object(Illuminate\\Filesystem\\Filesystem), false, '', true, 'php')
#1 C:\\xampp\\htdocs\\merlintechbd\\merlin_app\\vendor\\laravel\\framework\\src\\Illuminate\\Container\\Container.php(910): Illuminate\\View\\ViewServiceProvider->Illuminate\\View\\{closure}(Object(Illuminate\\Foundation\\Application), Array)
#2 C:\\xampp\\htdocs\\merlintechbd\\merlin_app\\vendor\\laravel\\framework\\src\\Illuminate\\Container\\Container.php(795): Illuminate\\Container\\Container->build(Object(Closure))
#3 C:\\xampp\\htdocs\\merlintechbd\\merlin_app\\vendor\\laravel\\framework\\src\\Illuminate\\Foundation\\Application.php(933): Illuminate\\Container\\Container->resolve('blade.compiler', Array, true)
#4 C:\\xampp\\htdocs\\merlintechbd\\merlin_app\\vendor\\laravel\\framework\\src\\Illuminate\\Container\\Container.php(731): Illuminate\\Foundation\\Application->resolve('blade.compiler', Array)
#5 C:\\xampp\\htdocs\\merlintechbd\\merlin_app\\vendor\\laravel\\framework\\src\\Illuminate\\Foundation\\Application.php(918): Illuminate\\Container\\Container->make('blade.compiler', Array)
#6 C:\\xampp\\htdocs\\merlintechbd\\merlin_app\\vendor\\laravel\\framework\\src\\Illuminate\\Container\\Container.php(1456): Illuminate\\Foundation\\Application->make('blade.compiler')
#7 C:\\xampp\\htdocs\\merlintechbd\\merlin_app\\vendor\\livewire\\livewire\\src\\LivewireServiceProvider.php(276): Illuminate\\Container\\Container->offsetGet('blade.compiler')
#8 C:\\xampp\\htdocs\\merlintechbd\\merlin_app\\vendor\\livewire\\livewire\\src\\LivewireServiceProvider.php(79): Livewire\\LivewireServiceProvider->registerTagCompiler()
#9 C:\\xampp\\htdocs\\merlintechbd\\merlin_app\\vendor\\laravel\\framework\\src\\Illuminate\\Container\\BoundMethod.php(36): Livewire\\LivewireServiceProvider->boot()
#10 C:\\xampp\\htdocs\\merlintechbd\\merlin_app\\vendor\\laravel\\framework\\src\\Illuminate\\Container\\Util.php(41): Illuminate\\Container\\BoundMethod::Illuminate\\Container\\{closure}()
#11 C:\\xampp\\htdocs\\merlintechbd\\merlin_app\\vendor\\laravel\\framework\\src\\Illuminate\\Container\\BoundMethod.php(93): Illuminate\\Container\\Util::unwrapIfClosure(Object(Closure))
#12 C:\\xampp\\htdocs\\merlintechbd\\merlin_app\\vendor\\laravel\\framework\\src\\Illuminate\\Container\\BoundMethod.php(35): Illuminate\\Container\\BoundMethod::callBoundMethod(Object(Illuminate\\Foundation\\Application), Array, Object(Closure))
#13 C:\\xampp\\htdocs\\merlintechbd\\merlin_app\\vendor\\laravel\\framework\\src\\Illuminate\\Container\\Container.php(662): Illuminate\\Container\\BoundMethod::call(Object(Illuminate\\Foundation\\Application), Array, Array, NULL)
#14 C:\\xampp\\htdocs\\merlintechbd\\merlin_app\\vendor\\laravel\\framework\\src\\Illuminate\\Foundation\\Application.php(1006): Illuminate\\Container\\Container->call(Array)
#15 C:\\xampp\\htdocs\\merlintechbd\\merlin_app\\vendor\\laravel\\framework\\src\\Illuminate\\Foundation\\Application.php(987): Illuminate\\Foundation\\Application->bootProvider(Object(Livewire\\LivewireServiceProvider))
#16 [internal function]: Illuminate\\Foundation\\Application->Illuminate\\Foundation\\{closure}(Object(Livewire\\LivewireServiceProvider), 18)
#17 C:\\xampp\\htdocs\\merlintechbd\\merlin_app\\vendor\\laravel\\framework\\src\\Illuminate\\Foundation\\Application.php(986): array_walk(Array, Object(Closure))
#18 C:\\xampp\\htdocs\\merlintechbd\\merlin_app\\vendor\\laravel\\framework\\src\\Illuminate\\Foundation\\Bootstrap\\BootProviders.php(17): Illuminate\\Foundation\\Application->boot()
#19 C:\\xampp\\htdocs\\merlintechbd\\merlin_app\\vendor\\laravel\\framework\\src\\Illuminate\\Foundation\\Application.php(261): Illuminate\\Foundation\\Bootstrap\\BootProviders->bootstrap(Object(Illuminate\\Foundation\\Application))
#20 C:\\xampp\\htdocs\\merlintechbd\\merlin_app\\vendor\\laravel\\framework\\src\\Illuminate\\Foundation\\Console\\Kernel.php(428): Illuminate\\Foundation\\Application->bootstrapWith(Array)
#21 C:\\xampp\\htdocs\\merlintechbd\\merlin_app\\vendor\\laravel\\framework\\src\\Illuminate\\Foundation\\Console\\Kernel.php(198): Illuminate\\Foundation\\Console\\Kernel->bootstrap()
#22 C:\\xampp\\htdocs\\merlintechbd\\merlin_app\\artisan(35): Illuminate\\Foundation\\Console\\Kernel->handle(Object(Symfony\\Component\\Console\\Input\\ArgvInput), Object(Symfony\\Component\\Console\\Output\\ConsoleOutput))
#23 {main}
"} 
[2026-03-18 06:16:30] local.ERROR: Please provide a valid cache path. {"exception":"[object] (InvalidArgumentException(code: 0): Please provide a valid cache path. at C:\\xampp\\htdocs\\merlintechbd\\merlin_app\\vendor\\laravel\\framework\\src\\Illuminate\\View\\Compilers\\Compiler.php:66)
[stacktrace]
#0 C:\\xampp\\htdocs\\merlintechbd\\merlin_app\\vendor\\laravel\\framework\\src\\Illuminate\\View\\ViewServiceProvider.php(96): Illuminate\\View\\Compilers\\Compiler->__construct(Object(Illuminate\\Filesystem\\Filesystem), false, '', true, 'php')
#1 C:\\xampp\\htdocs\\merlintechbd\\merlin_app\\vendor\\laravel\\framework\\src\\Illuminate\\Container\\Container.php(910): Illuminate\\View\\ViewServiceProvider->Illuminate\\View\\{closure}(Object(Illuminate\\Foundation\\Application), Array)
#2 C:\\xampp\\htdocs\\merlintechbd\\merlin_app\\vendor\\laravel\\framework\\src\\Illuminate\\Container\\Container.php(795): Illuminate\\Container\\Container->build(Object(Closure))
#3 C:\\xampp\\htdocs\\merlintechbd\\merlin_app\\vendor\\laravel\\framework\\src\\Illuminate\\Foundation\\Application.php(933): Illuminate\\Container\\Container->resolve('blade.compiler', Array, true)
#4 C:\\xampp\\htdocs\\merlintechbd\\merlin_app\\vendor\\laravel\\framework\\src\\Illuminate\\Container\\Container.php(731): Illuminate\\Foundation\\Application->resolve('blade.compiler', Array)
#5 C:\\xampp\\htdocs\\merlintechbd\\merlin_app\\vendor\\laravel\\framework\\src\\Illuminate\\Foundation\\Application.php(918): Illuminate\\Container\\Container->make('blade.compiler', Array)
#6 C:\\xampp\\htdocs\\merlintechbd\\merlin_app\\vendor\\laravel\\framework\\src\\Illuminate\\Container\\Container.php(1456): Illuminate\\Foundation\\Application->make('blade.compiler')
#7 C:\\xampp\\htdocs\\merlintechbd\\merlin_app\\vendor\\livewire\\livewire\\src\\LivewireServiceProvider.php(276): Illuminate\\Container\\Container->offsetGet('blade.compiler')
#8 C:\\xampp\\htdocs\\merlintechbd\\merlin_app\\vendor\\livewire\\livewire\\src\\LivewireServiceProvider.php(79): Livewire\\LivewireServiceProvider->registerTagCompiler()
#9 C:\\xampp\\htdocs\\merlintechbd\\merlin_app\\vendor\\laravel\\framework\\src\\Illuminate\\Container\\BoundMethod.php(36): Livewire\\LivewireServiceProvider->boot()
#10 C:\\xampp\\htdocs\\merlintechbd\\merlin_app\\vendor\\laravel\\framework\\src\\Illuminate\\Container\\Util.php(41): Illuminate\\Container\\BoundMethod::Illuminate\\Container\\{closure}()
#11 C:\\xampp\\htdocs\\merlintechbd\\merlin_app\\vendor\\laravel\\framework\\src\\Illuminate\\Container\\BoundMethod.php(93): Illuminate\\Container\\Util::unwrapIfClosure(Object(Closure))
#12 C:\\xampp\\htdocs\\merlintechbd\\merlin_app\\vendor\\laravel\\framework\\src\\Illuminate\\Container\\BoundMethod.php(35): Illuminate\\Container\\BoundMethod::callBoundMethod(Object(Illuminate\\Foundation\\Application), Array, Object(Closure))
#13 C:\\xampp\\htdocs\\merlintechbd\\merlin_app\\vendor\\laravel\\framework\\src\\Illuminate\\Container\\Container.php(662): Illuminate\\Container\\BoundMethod::call(Object(Illuminate\\Foundation\\Application), Array, Array, NULL)
#14 C:\\xampp\\htdocs\\merlintechbd\\merlin_app\\vendor\\laravel\\framework\\src\\Illuminate\\Foundation\\Application.php(1006): Illuminate\\Container\\Container->call(Array)
#15 C:\\xampp\\htdocs\\merlintechbd\\merlin_app\\vendor\\laravel\\framework\\src\\Illuminate\\Foundation\\Application.php(987): Illuminate\\Foundation\\Application->bootProvider(Object(Livewire\\LivewireServiceProvider))
#16 [internal function]: Illuminate\\Foundation\\Application->Illuminate\\Foundation\\{closure}(Object(Livewire\\LivewireServiceProvider), 18)
#17 C:\\xampp\\htdocs\\merlintechbd\\merlin_app\\vendor\\laravel\\framework\\src\\Illuminate\\Foundation\\Application.php(986): array_walk(Array, Object(Closure))
#18 C:\\xampp\\htdocs\\merlintechbd\\merlin_app\\vendor\\laravel\\framework\\src\\Illuminate\\Foundation\\Bootstrap\\BootProviders.php(17): Illuminate\\Foundation\\Application->boot()
#19 C:\\xampp\\htdocs\\merlintechbd\\merlin_app\\vendor\\laravel\\framework\\src\\Illuminate\\Foundation\\Application.php(261): Illuminate\\Foundation\\Bootstrap\\BootProviders->bootstrap(Object(Illuminate\\Foundation\\Application))
#20 C:\\xampp\\htdocs\\merlintechbd\\merlin_app\\vendor\\laravel\\framework\\src\\Illuminate\\Foundation\\Console\\Kernel.php(428): Illuminate\\Foundation\\Application->bootstrapWith(Array)
#21 C:\\xampp\\htdocs\\merlintechbd\\merlin_app\\vendor\\laravel\\framework\\src\\Illuminate\\Foundation\\Console\\Kernel.php(198): Illuminate\\Foundation\\Console\\Kernel->bootstrap()
#22 C:\\xampp\\htdocs\\merlintechbd\\merlin_app\\artisan(35): Illuminate\\Foundation\\Console\\Kernel->handle(Object(Symfony\\Component\\Console\\Input\\ArgvInput), Object(Symfony\\Component\\Console\\Output\\ConsoleOutput))
#23 {main}
"} 
[2026-03-18 06:16:50] local.ERROR: Please provide a valid cache path. {"exception":"[object] (InvalidArgumentException(code: 0): Please provide a valid cache path. at C:\\xampp\\htdocs\\merlintechbd\\merlin_app\\vendor\\laravel\\framework\\src\\Illuminate\\View\\Compilers\\Compiler.php:66)
[stacktrace]
#0 C:\\xampp\\htdocs\\merlintechbd\\merlin_app\\vendor\\laravel\\framework\\src\\Illuminate\\View\\ViewServiceProvider.php(96): Illuminate\\View\\Compilers\\Compiler->__construct(Object(Illuminate\\Filesystem\\Filesystem), false, '', true, 'php')
#1 C:\\xampp\\htdocs\\merlintechbd\\merlin_app\\vendor\\laravel\\framework\\src\\Illuminate\\Container\\Container.php(910): Illuminate\\View\\ViewServiceProvider->Illuminate\\View\\{closure}(Object(Illuminate\\Foundation\\Application), Array)
#2 C:\\xampp\\htdocs\\merlintechbd\\merlin_app\\vendor\\laravel\\framework\\src\\Illuminate\\Container\\Container.php(795): Illuminate\\Container\\Container->build(Object(Closure))
#3 C:\\xampp\\htdocs\\merlintechbd\\merlin_app\\vendor\\laravel\\framework\\src\\Illuminate\\Foundation\\Application.php(933): Illuminate\\Container\\Container->resolve('blade.compiler', Array, true)
#4 C:\\xampp\\htdocs\\merlintechbd\\merlin_app\\vendor\\laravel\\framework\\src\\Illuminate\\Container\\Container.php(731): Illuminate\\Foundation\\Application->resolve('blade.compiler', Array)
#5 C:\\xampp\\htdocs\\merlintechbd\\merlin_app\\vendor\\laravel\\framework\\src\\Illuminate\\Foundation\\Application.php(918): Illuminate\\Container\\Container->make('blade.compiler', Array)
#6 C:\\xampp\\htdocs\\merlintechbd\\merlin_app\\vendor\\laravel\\framework\\src\\Illuminate\\Container\\Container.php(1456): Illuminate\\Foundation\\Application->make('blade.compiler')
#7 C:\\xampp\\htdocs\\merlintechbd\\merlin_app\\vendor\\livewire\\livewire\\src\\LivewireServiceProvider.php(276): Illuminate\\Container\\Container->offsetGet('blade.compiler')
#8 C:\\xampp\\htdocs\\merlintechbd\\merlin_app\\vendor\\livewire\\livewire\\src\\LivewireServiceProvider.php(79): Livewire\\LivewireServiceProvider->registerTagCompiler()
#9 C:\\xampp\\htdocs\\merlintechbd\\merlin_app\\vendor\\laravel\\framework\\src\\Illuminate\\Container\\BoundMethod.php(36): Livewire\\LivewireServiceProvider->boot()
#10 C:\\xampp\\htdocs\\merlintechbd\\merlin_app\\vendor\\laravel\\framework\\src\\Illuminate\\Container\\Util.php(41): Illuminate\\Container\\BoundMethod::Illuminate\\Container\\{closure}()
#11 C:\\xampp\\htdocs\\merlintechbd\\merlin_app\\vendor\\laravel\\framework\\src\\Illuminate\\Container\\BoundMethod.php(93): Illuminate\\Container\\Util::unwrapIfClosure(Object(Closure))
#12 C:\\xampp\\htdocs\\merlintechbd\\merlin_app\\vendor\\laravel\\framework\\src\\Illuminate\\Container\\BoundMethod.php(35): Illuminate\\Container\\BoundMethod::callBoundMethod(Object(Illuminate\\Foundation\\Application), Array, Object(Closure))
#13 C:\\xampp\\htdocs\\merlintechbd\\merlin_app\\vendor\\laravel\\framework\\src\\Illuminate\\Container\\Container.php(662): Illuminate\\Container\\BoundMethod::call(Object(Illuminate\\Foundation\\Application), Array, Array, NULL)
#14 C:\\xampp\\htdocs\\merlintechbd\\merlin_app\\vendor\\laravel\\framework\\src\\Illuminate\\Foundation\\Application.php(1006): Illuminate\\Container\\Container->call(Array)
#15 C:\\xampp\\htdocs\\merlintechbd\\merlin_app\\vendor\\laravel\\framework\\src\\Illuminate\\Foundation\\Application.php(987): Illuminate\\Foundation\\Application->bootProvider(Object(Livewire\\LivewireServiceProvider))
#16 [internal function]: Illuminate\\Foundation\\Application->Illuminate\\Foundation\\{closure}(Object(Livewire\\LivewireServiceProvider), 18)
#17 C:\\xampp\\htdocs\\merlintechbd\\merlin_app\\vendor\\laravel\\framework\\src\\Illuminate\\Foundation\\Application.php(986): array_walk(Array, Object(Closure))
#18 C:\\xampp\\htdocs\\merlintechbd\\merlin_app\\vendor\\laravel\\framework\\src\\Illuminate\\Foundation\\Bootstrap\\BootProviders.php(17): Illuminate\\Foundation\\Application->boot()
#19 C:\\xampp\\htdocs\\merlintechbd\\merlin_app\\vendor\\laravel\\framework\\src\\Illuminate\\Foundation\\Application.php(261): Illuminate\\Foundation\\Bootstrap\\BootProviders->bootstrap(Object(Illuminate\\Foundation\\Application))
#20 C:\\xampp\\htdocs\\merlintechbd\\merlin_app\\vendor\\laravel\\framework\\src\\Illuminate\\Foundation\\Console\\Kernel.php(428): Illuminate\\Foundation\\Application->bootstrapWith(Array)
#21 C:\\xampp\\htdocs\\merlintechbd\\merlin_app\\vendor\\laravel\\framework\\src\\Illuminate\\Foundation\\Console\\Kernel.php(198): Illuminate\\Foundation\\Console\\Kernel->bootstrap()
#22 C:\\xampp\\htdocs\\merlintechbd\\merlin_app\\artisan(35): Illuminate\\Foundation\\Console\\Kernel->handle(Object(Symfony\\Component\\Console\\Input\\ArgvInput), Object(Symfony\\Component\\Console\\Output\\ConsoleOutput))
#23 {main}
"} 
[2026-03-18 06:17:07] local.ERROR: Please provide a valid cache path. {"exception":"[object] (InvalidArgumentException(code: 0): Please provide a valid cache path. at C:\\xampp\\htdocs\\merlintechbd\\merlin_app\\vendor\\laravel\\framework\\src\\Illuminate\\View\\Compilers\\Compiler.php:66)
[stacktrace]
#0 C:\\xampp\\htdocs\\merlintechbd\\merlin_app\\vendor\\laravel\\framework\\src\\Illuminate\\View\\ViewServiceProvider.php(96): Illuminate\\View\\Compilers\\Compiler->__construct(Object(Illuminate\\Filesystem\\Filesystem), false, '', true, 'php')
#1 C:\\xampp\\htdocs\\merlintechbd\\merlin_app\\vendor\\laravel\\framework\\src\\Illuminate\\Container\\Container.php(910): Illuminate\\View\\ViewServiceProvider->Illuminate\\View\\{closure}(Object(Illuminate\\Foundation\\Application), Array)
#2 C:\\xampp\\htdocs\\merlintechbd\\merlin_app\\vendor\\laravel\\framework\\src\\Illuminate\\Container\\Container.php(795): Illuminate\\Container\\Container->build(Object(Closure))
#3 C:\\xampp\\htdocs\\merlintechbd\\merlin_app\\vendor\\laravel\\framework\\src\\Illuminate\\Foundation\\Application.php(933): Illuminate\\Container\\Container->resolve('blade.compiler', Array, true)
#4 C:\\xampp\\htdocs\\merlintechbd\\merlin_app\\vendor\\laravel\\framework\\src\\Illuminate\\Container\\Container.php(731): Illuminate\\Foundation\\Application->resolve('blade.compiler', Array)
#5 C:\\xampp\\htdocs\\merlintechbd\\merlin_app\\vendor\\laravel\\framework\\src\\Illuminate\\Foundation\\Application.php(918): Illuminate\\Container\\Container->make('blade.compiler', Array)
#6 C:\\xampp\\htdocs\\merlintechbd\\merlin_app\\vendor\\laravel\\framework\\src\\Illuminate\\Container\\Container.php(1456): Illuminate\\Foundation\\Application->make('blade.compiler')
#7 C:\\xampp\\htdocs\\merlintechbd\\merlin_app\\vendor\\livewire\\livewire\\src\\LivewireServiceProvider.php(276): Illuminate\\Container\\Container->offsetGet('blade.compiler')
#8 C:\\xampp\\htdocs\\merlintechbd\\merlin_app\\vendor\\livewire\\livewire\\src\\LivewireServiceProvider.php(79): Livewire\\LivewireServiceProvider->registerTagCompiler()
#9 C:\\xampp\\htdocs\\merlintechbd\\merlin_app\\vendor\\laravel\\framework\\src\\Illuminate\\Container\\BoundMethod.php(36): Livewire\\LivewireServiceProvider->boot()
#10 C:\\xampp\\htdocs\\merlintechbd\\merlin_app\\vendor\\laravel\\framework\\src\\Illuminate\\Container\\Util.php(41): Illuminate\\Container\\BoundMethod::Illuminate\\Container\\{closure}()
#11 C:\\xampp\\htdocs\\merlintechbd\\merlin_app\\vendor\\laravel\\framework\\src\\Illuminate\\Container\\BoundMethod.php(93): Illuminate\\Container\\Util::unwrapIfClosure(Object(Closure))
#12 C:\\xampp\\htdocs\\merlintechbd\\merlin_app\\vendor\\laravel\\framework\\src\\Illuminate\\Container\\BoundMethod.php(35): Illuminate\\Container\\BoundMethod::callBoundMethod(Object(Illuminate\\Foundation\\Application), Array, Object(Closure))
#13 C:\\xampp\\htdocs\\merlintechbd\\merlin_app\\vendor\\laravel\\framework\\src\\Illuminate\\Container\\Container.php(662): Illuminate\\Container\\BoundMethod::call(Object(Illuminate\\Foundation\\Application), Array, Array, NULL)
#14 C:\\xampp\\htdocs\\merlintechbd\\merlin_app\\vendor\\laravel\\framework\\src\\Illuminate\\Foundation\\Application.php(1006): Illuminate\\Container\\Container->call(Array)
#15 C:\\xampp\\htdocs\\merlintechbd\\merlin_app\\vendor\\laravel\\framework\\src\\Illuminate\\Foundation\\Application.php(987): Illuminate\\Foundation\\Application->bootProvider(Object(Livewire\\LivewireServiceProvider))
#16 [internal function]: Illuminate\\Foundation\\Application->Illuminate\\Foundation\\{closure}(Object(Livewire\\LivewireServiceProvider), 18)
#17 C:\\xampp\\htdocs\\merlintechbd\\merlin_app\\vendor\\laravel\\framework\\src\\Illuminate\\Foundation\\Application.php(986): array_walk(Array, Object(Closure))
#18 C:\\xampp\\htdocs\\merlintechbd\\merlin_app\\vendor\\laravel\\framework\\src\\Illuminate\\Foundation\\Bootstrap\\BootProviders.php(17): Illuminate\\Foundation\\Application->boot()
#19 C:\\xampp\\htdocs\\merlintechbd\\merlin_app\\vendor\\laravel\\framework\\src\\Illuminate\\Foundation\\Application.php(261): Illuminate\\Foundation\\Bootstrap\\BootProviders->bootstrap(Object(Illuminate\\Foundation\\Application))
#20 C:\\xampp\\htdocs\\merlintechbd\\merlin_app\\vendor\\laravel\\framework\\src\\Illuminate\\Foundation\\Console\\Kernel.php(428): Illuminate\\Foundation\\Application->bootstrapWith(Array)
#21 C:\\xampp\\htdocs\\merlintechbd\\merlin_app\\vendor\\laravel\\framework\\src\\Illuminate\\Foundation\\Console\\Kernel.php(198): Illuminate\\Foundation\\Console\\Kernel->bootstrap()
#22 C:\\xampp\\htdocs\\merlintechbd\\merlin_app\\artisan(35): Illuminate\\Foundation\\Console\\Kernel->handle(Object(Symfony\\Component\\Console\\Input\\ArgvInput), Object(Symfony\\Component\\Console\\Output\\ConsoleOutput))
#23 {main}
"} 
[2026-03-18 06:17:17] local.ERROR: Please provide a valid cache path. {"exception":"[object] (InvalidArgumentException(code: 0): Please provide a valid cache path. at C:\\xampp\\htdocs\\merlintechbd\\merlin_app\\vendor\\laravel\\framework\\src\\Illuminate\\View\\Compilers\\Compiler.php:66)
[stacktrace]
#0 C:\\xampp\\htdocs\\merlintechbd\\merlin_app\\vendor\\laravel\\framework\\src\\Illuminate\\View\\ViewServiceProvider.php(96): Illuminate\\View\\Compilers\\Compiler->__construct(Object(Illuminate\\Filesystem\\Filesystem), false, '', true, 'php')
#1 C:\\xampp\\htdocs\\merlintechbd\\merlin_app\\vendor\\laravel\\framework\\src\\Illuminate\\Container\\Container.php(910): Illuminate\\View\\ViewServiceProvider->Illuminate\\View\\{closure}(Object(Illuminate\\Foundation\\Application), Array)
#2 C:\\xampp\\htdocs\\merlintechbd\\merlin_app\\vendor\\laravel\\framework\\src\\Illuminate\\Container\\Container.php(795): Illuminate\\Container\\Container->build(Object(Closure))
#3 C:\\xampp\\htdocs\\merlintechbd\\merlin_app\\vendor\\laravel\\framework\\src\\Illuminate\\Foundation\\Application.php(933): Illuminate\\Container\\Container->resolve('blade.compiler', Array, true)
#4 C:\\xampp\\htdocs\\merlintechbd\\merlin_app\\vendor\\laravel\\framework\\src\\Illuminate\\Container\\Container.php(731): Illuminate\\Foundation\\Application->resolve('blade.compiler', Array)
#5 C:\\xampp\\htdocs\\merlintechbd\\merlin_app\\vendor\\laravel\\framework\\src\\Illuminate\\Foundation\\Application.php(918): Illuminate\\Container\\Container->make('blade.compiler', Array)
#6 C:\\xampp\\htdocs\\merlintechbd\\merlin_app\\vendor\\laravel\\framework\\src\\Illuminate\\Container\\Container.php(1456): Illuminate\\Foundation\\Application->make('blade.compiler')
#7 C:\\xampp\\htdocs\\merlintechbd\\merlin_app\\vendor\\livewire\\livewire\\src\\LivewireServiceProvider.php(276): Illuminate\\Container\\Container->offsetGet('blade.compiler')
#8 C:\\xampp\\htdocs\\merlintechbd\\merlin_app\\vendor\\livewire\\livewire\\src\\LivewireServiceProvider.php(79): Livewire\\LivewireServiceProvider->registerTagCompiler()
#9 C:\\xampp\\htdocs\\merlintechbd\\merlin_app\\vendor\\laravel\\framework\\src\\Illuminate\\Container\\BoundMethod.php(36): Livewire\\LivewireServiceProvider->boot()
#10 C:\\xampp\\htdocs\\merlintechbd\\merlin_app\\vendor\\laravel\\framework\\src\\Illuminate\\Container\\Util.php(41): Illuminate\\Container\\BoundMethod::Illuminate\\Container\\{closure}()
#11 C:\\xampp\\htdocs\\merlintechbd\\merlin_app\\vendor\\laravel\\framework\\src\\Illuminate\\Container\\BoundMethod.php(93): Illuminate\\Container\\Util::unwrapIfClosure(Object(Closure))
#12 C:\\xampp\\htdocs\\merlintechbd\\merlin_app\\vendor\\laravel\\framework\\src\\Illuminate\\Container\\BoundMethod.php(35): Illuminate\\Container\\BoundMethod::callBoundMethod(Object(Illuminate\\Foundation\\Application), Array, Object(Closure))
#13 C:\\xampp\\htdocs\\merlintechbd\\merlin_app\\vendor\\laravel\\framework\\src\\Illuminate\\Container\\Container.php(662): Illuminate\\Container\\BoundMethod::call(Object(Illuminate\\Foundation\\Application), Array, Array, NULL)
#14 C:\\xampp\\htdocs\\merlintechbd\\merlin_app\\vendor\\laravel\\framework\\src\\Illuminate\\Foundation\\Application.php(1006): Illuminate\\Container\\Container->call(Array)
#15 C:\\xampp\\htdocs\\merlintechbd\\merlin_app\\vendor\\laravel\\framework\\src\\Illuminate\\Foundation\\Application.php(987): Illuminate\\Foundation\\Application->bootProvider(Object(Livewire\\LivewireServiceProvider))
#16 [internal function]: Illuminate\\Foundation\\Application->Illuminate\\Foundation\\{closure}(Object(Livewire\\LivewireServiceProvider), 18)
#17 C:\\xampp\\htdocs\\merlintechbd\\merlin_app\\vendor\\laravel\\framework\\src\\Illuminate\\Foundation\\Application.php(986): array_walk(Array, Object(Closure))
#18 C:\\xampp\\htdocs\\merlintechbd\\merlin_app\\vendor\\laravel\\framework\\src\\Illuminate\\Foundation\\Bootstrap\\BootProviders.php(17): Illuminate\\Foundation\\Application->boot()
#19 C:\\xampp\\htdocs\\merlintechbd\\merlin_app\\vendor\\laravel\\framework\\src\\Illuminate\\Foundation\\Application.php(261): Illuminate\\Foundation\\Bootstrap\\BootProviders->bootstrap(Object(Illuminate\\Foundation\\Application))
#20 C:\\xampp\\htdocs\\merlintechbd\\merlin_app\\vendor\\laravel\\framework\\src\\Illuminate\\Foundation\\Console\\Kernel.php(428): Illuminate\\Foundation\\Application->bootstrapWith(Array)
#21 C:\\xampp\\htdocs\\merlintechbd\\merlin_app\\vendor\\laravel\\framework\\src\\Illuminate\\Foundation\\Console\\Kernel.php(198): Illuminate\\Foundation\\Console\\Kernel->bootstrap()
#22 C:\\xampp\\htdocs\\merlintechbd\\merlin_app\\artisan(35): Illuminate\\Foundation\\Console\\Kernel->handle(Object(Symfony\\Component\\Console\\Input\\ArgvInput), Object(Symfony\\Component\\Console\\Output\\ConsoleOutput))
#23 {main}
"} 
[2026-03-18 06:38:38] local.ERROR: file_put_contents(C:\xampp\htdocs\merlintechbd\merlin_app\storage\framework/sessions/2uIPpu0KcS7NmaD5zNcKXtMrTljenwNlwkKalRpK): Failed to open stream: No such file or directory {"exception":"[object] (ErrorException(code: 0): file_put_contents(C:\\xampp\\htdocs\\merlintechbd\\merlin_app\\storage\\framework/sessions/2uIPpu0KcS7NmaD5zNcKXtMrTljenwNlwkKalRpK): Failed to open stream: No such file or directory at C:\\xampp\\htdocs\\merlintechbd\\merlin_app\\vendor\\laravel\\framework\\src\\Illuminate\\Filesystem\\Filesystem.php:205)
[stacktrace]
#0 C:\\xampp\\htdocs\\merlintechbd\\merlin_app\\vendor\\laravel\\framework\\src\\Illuminate\\Foundation\\Bootstrap\\HandleExceptions.php(254): Illuminate\\Foundation\\Bootstrap\\HandleExceptions->handleError(2, 'file_put_conten...', 'C:\\\\xampp\\\\htdocs...', 205)
#1 [internal function]: Illuminate\\Foundation\\Bootstrap\\HandleExceptions->Illuminate\\Foundation\\Bootstrap\\{closure}(2, 'file_put_conten...', 'C:\\\\xampp\\\\htdocs...', 205)
#2 C:\\xampp\\htdocs\\merlintechbd\\merlin_app\\vendor\\laravel\\framework\\src\\Illuminate\\Filesystem\\Filesystem.php(205): file_put_contents('C:\\\\xampp\\\\htdocs...', 'a:3:{s:6:\"_toke...', 2)
#3 C:\\xampp\\htdocs\\merlintechbd\\merlin_app\\vendor\\laravel\\framework\\src\\Illuminate\\Session\\FileSessionHandler.php(90): Illuminate\\Filesystem\\Filesystem->put('C:\\\\xampp\\\\htdocs...', 'a:3:{s:6:\"_toke...', true)
#4 C:\\xampp\\htdocs\\merlintechbd\\merlin_app\\vendor\\laravel\\framework\\src\\Illuminate\\Session\\Store.php(172): Illuminate\\Session\\FileSessionHandler->write('2uIPpu0KcS7NmaD...', 'a:3:{s:6:\"_toke...')
#5 C:\\xampp\\htdocs\\merlintechbd\\merlin_app\\vendor\\laravel\\framework\\src\\Illuminate\\Session\\Middleware\\StartSession.php(238): Illuminate\\Session\\Store->save()
#6 C:\\xampp\\htdocs\\merlintechbd\\merlin_app\\vendor\\laravel\\framework\\src\\Illuminate\\Session\\Middleware\\StartSession.php(130): Illuminate\\Session\\Middleware\\StartSession->saveSession(Object(Illuminate\\Http\\Request))
#7 C:\\xampp\\htdocs\\merlintechbd\\merlin_app\\vendor\\laravel\\framework\\src\\Illuminate\\Session\\Middleware\\StartSession.php(64): Illuminate\\Session\\Middleware\\StartSession->handleStatefulRequest(Object(Illuminate\\Http\\Request), Object(Illuminate\\Session\\Store), Object(Closure))
#8 C:\\xampp\\htdocs\\merlintechbd\\merlin_app\\vendor\\laravel\\framework\\src\\Illuminate\\Pipeline\\Pipeline.php(180): Illuminate\\Session\\Middleware\\StartSession->handle(Object(Illuminate\\Http\\Request), Object(Closure))
#9 C:\\xampp\\htdocs\\merlintechbd\\merlin_app\\vendor\\laravel\\framework\\src\\Illuminate\\Cookie\\Middleware\\AddQueuedCookiesToResponse.php(37): Illuminate\\Pipeline\\Pipeline->Illuminate\\Pipeline\\{closure}(Object(Illuminate\\Http\\Request))
#10 C:\\xampp\\htdocs\\merlintechbd\\merlin_app\\vendor\\laravel\\framework\\src\\Illuminate\\Pipeline\\Pipeline.php(180): Illuminate\\Cookie\\Middleware\\AddQueuedCookiesToResponse->handle(Object(Illuminate\\Http\\Request), Object(Closure))
#11 C:\\xampp\\htdocs\\merlintechbd\\merlin_app\\vendor\\laravel\\framework\\src\\Illuminate\\Cookie\\Middleware\\EncryptCookies.php(67): Illuminate\\Pipeline\\Pipeline->Illuminate\\Pipeline\\{closure}(Object(Illuminate\\Http\\Request))
#12 C:\\xampp\\htdocs\\merlintechbd\\merlin_app\\vendor\\laravel\\framework\\src\\Illuminate\\Pipeline\\Pipeline.php(180): Illuminate\\Cookie\\Middleware\\EncryptCookies->handle(Object(Illuminate\\Http\\Request), Object(Closure))
#13 C:\\xampp\\htdocs\\merlintechbd\\merlin_app\\vendor\\laravel\\framework\\src\\Illuminate\\Pipeline\\Pipeline.php(116): Illuminate\\Pipeline\\Pipeline->Illuminate\\Pipeline\\{closure}(Object(Illuminate\\Http\\Request))
#14 C:\\xampp\\htdocs\\merlintechbd\\merlin_app\\vendor\\laravel\\framework\\src\\Illuminate\\Routing\\Router.php(798): Illuminate\\Pipeline\\Pipeline->then(Object(Closure))
#15 C:\\xampp\\htdocs\\merlintechbd\\merlin_app\\vendor\\laravel\\framework\\src\\Illuminate\\Routing\\Router.php(777): Illuminate\\Routing\\Router->runRouteWithinStack(Object(Illuminate\\Routing\\Route), Object(Illuminate\\Http\\Request))
#16 C:\\xampp\\htdocs\\merlintechbd\\merlin_app\\vendor\\laravel\\framework\\src\\Illuminate\\Routing\\Router.php(741): Illuminate\\Routing\\Router->runRoute(Object(Illuminate\\Http\\Request), Object(Illuminate\\Routing\\Route))
#17 C:\\xampp\\htdocs\\merlintechbd\\merlin_app\\vendor\\laravel\\framework\\src\\Illuminate\\Routing\\Router.php(730): Illuminate\\Routing\\Router->dispatchToRoute(Object(Illuminate\\Http\\Request))
#18 C:\\xampp\\htdocs\\merlintechbd\\merlin_app\\vendor\\laravel\\framework\\src\\Illuminate\\Foundation\\Http\\Kernel.php(200): Illuminate\\Routing\\Router->dispatch(Object(Illuminate\\Http\\Request))
#19 C:\\xampp\\htdocs\\merlintechbd\\merlin_app\\vendor\\laravel\\framework\\src\\Illuminate\\Pipeline\\Pipeline.php(141): Illuminate\\Foundation\\Http\\Kernel->Illuminate\\Foundation\\Http\\{closure}(Object(Illuminate\\Http\\Request))
#20 C:\\xampp\\htdocs\\merlintechbd\\merlin_app\\vendor\\livewire\\livewire\\src\\DisableBrowserCache.php(19): Illuminate\\Pipeline\\Pipeline->Illuminate\\Pipeline\\{closure}(Object(Illuminate\\Http\\Request))
#21 C:\\xampp\\htdocs\\merlintechbd\\merlin_app\\vendor\\laravel\\framework\\src\\Illuminate\\Pipeline\\Pipeline.php(180): Livewire\\DisableBrowserCache->handle(Object(Illuminate\\Http\\Request), Object(Closure))
#22 C:\\xampp\\htdocs\\merlintechbd\\merlin_app\\vendor\\laravel\\framework\\src\\Illuminate\\Foundation\\Http\\Middleware\\TransformsRequest.php(21): Illuminate\\Pipeline\\Pipeline->Illuminate\\Pipeline\\{closure}(Object(Illuminate\\Http\\Request))
#23 C:\\xampp\\htdocs\\merlintechbd\\merlin_app\\vendor\\laravel\\framework\\src\\Illuminate\\Foundation\\Http\\Middleware\\ConvertEmptyStringsToNull.php(31): Illuminate\\Foundation\\Http\\Middleware\\TransformsRequest->handle(Object(Illuminate\\Http\\Request), Object(Closure))
#24 C:\\xampp\\htdocs\\merlintechbd\\merlin_app\\vendor\\laravel\\framework\\src\\Illuminate\\Pipeline\\Pipeline.php(180): Illuminate\\Foundation\\Http\\Middleware\\ConvertEmptyStringsToNull->handle(Object(Illuminate\\Http\\Request), Object(Closure))
#25 C:\\xampp\\htdocs\\merlintechbd\\merlin_app\\vendor\\laravel\\framework\\src\\Illuminate\\Foundation\\Http\\Middleware\\TransformsRequest.php(21): Illuminate\\Pipeline\\Pipeline->Illuminate\\Pipeline\\{closure}(Object(Illuminate\\Http\\Request))
#26 C:\\xampp\\htdocs\\merlintechbd\\merlin_app\\vendor\\laravel\\framework\\src\\Illuminate\\Foundation\\Http\\Middleware\\TrimStrings.php(40): Illuminate\\Foundation\\Http\\Middleware\\TransformsRequest->handle(Object(Illuminate\\Http\\Request), Object(Closure))
#27 C:\\xampp\\htdocs\\merlintechbd\\merlin_app\\vendor\\laravel\\framework\\src\\Illuminate\\Pipeline\\Pipeline.php(180): Illuminate\\Foundation\\Http\\Middleware\\TrimStrings->handle(Object(Illuminate\\Http\\Request), Object(Closure))
#28 C:\\xampp\\htdocs\\merlintechbd\\merlin_app\\vendor\\laravel\\framework\\src\\Illuminate\\Foundation\\Http\\Middleware\\ValidatePostSize.php(27): Illuminate\\Pipeline\\Pipeline->Illuminate\\Pipeline\\{closure}(Object(Illuminate\\Http\\Request))
#29 C:\\xampp\\htdocs\\merlintechbd\\merlin_app\\vendor\\laravel\\framework\\src\\Illuminate\\Pipeline\\Pipeline.php(180): Illuminate\\Foundation\\Http\\Middleware\\ValidatePostSize->handle(Object(Illuminate\\Http\\Request), Object(Closure))
#30 C:\\xampp\\htdocs\\merlintechbd\\merlin_app\\vendor\\laravel\\framework\\src\\Illuminate\\Foundation\\Http\\Middleware\\PreventRequestsDuringMaintenance.php(86): Illuminate\\Pipeline\\Pipeline->Illuminate\\Pipeline\\{closure}(Object(Illuminate\\Http\\Request))
#31 C:\\xampp\\htdocs\\merlintechbd\\merlin_app\\vendor\\laravel\\framework\\src\\Illuminate\\Pipeline\\Pipeline.php(180): Illuminate\\Foundation\\Http\\Middleware\\PreventRequestsDuringMaintenance->handle(Object(Illuminate\\Http\\Request), Object(Closure))
#32 C:\\xampp\\htdocs\\merlintechbd\\merlin_app\\vendor\\laravel\\framework\\src\\Illuminate\\Http\\Middleware\\HandleCors.php(49): Illuminate\\Pipeline\\Pipeline->Illuminate\\Pipeline\\{closure}(Object(Illuminate\\Http\\Request))
#33 C:\\xampp\\htdocs\\merlintechbd\\merlin_app\\vendor\\laravel\\framework\\src\\Illuminate\\Pipeline\\Pipeline.php(180): Illuminate\\Http\\Middleware\\HandleCors->handle(Object(Illuminate\\Http\\Request), Object(Closure))
#34 C:\\xampp\\htdocs\\merlintechbd\\merlin_app\\vendor\\laravel\\framework\\src\\Illuminate\\Http\\Middleware\\TrustProxies.php(39): Illuminate\\Pipeline\\Pipeline->Illuminate\\Pipeline\\{closure}(Object(Illuminate\\Http\\Request))
#35 C:\\xampp\\htdocs\\merlintechbd\\merlin_app\\vendor\\laravel\\framework\\src\\Illuminate\\Pipeline\\Pipeline.php(180): Illuminate\\Http\\Middleware\\TrustProxies->handle(Object(Illuminate\\Http\\Request), Object(Closure))
#36 C:\\xampp\\htdocs\\merlintechbd\\merlin_app\\vendor\\laravel\\framework\\src\\Illuminate\\Pipeline\\Pipeline.php(116): Illuminate\\Pipeline\\Pipeline->Illuminate\\Pipeline\\{closure}(Object(Illuminate\\Http\\Request))
#37 C:\\xampp\\htdocs\\merlintechbd\\merlin_app\\vendor\\laravel\\framework\\src\\Illuminate\\Foundation\\Http\\Kernel.php(175): Illuminate\\Pipeline\\Pipeline->then(Object(Closure))
#38 C:\\xampp\\htdocs\\merlintechbd\\merlin_app\\vendor\\laravel\\framework\\src\\Illuminate\\Foundation\\Http\\Kernel.php(144): Illuminate\\Foundation\\Http\\Kernel->sendRequestThroughRouter(Object(Illuminate\\Http\\Request))
#39 C:\\xampp\\htdocs\\merlintechbd\\merlin_app\\public\\index.php(59): Illuminate\\Foundation\\Http\\Kernel->handle(Object(Illuminate\\Http\\Request))
#40 C:\\xampp\\htdocs\\merlintechbd\\merlin_app\\vendor\\laravel\\framework\\src\\Illuminate\\Foundation\\resources\\server.php(16): require_once('C:\\\\xampp\\\\htdocs...')
#41 {main}
"} 
[2026-03-18 06:39:44] local.ERROR: file_put_contents(C:\xampp\htdocs\merlintechbd\merlin_app\storage\framework/sessions/kRdV9y4lUiTEIO4Vl56sNxxCqZ4S3j3FFEc8ekB9): Failed to open stream: No such file or directory {"exception":"[object] (ErrorException(code: 0): file_put_contents(C:\\xampp\\htdocs\\merlintechbd\\merlin_app\\storage\\framework/sessions/kRdV9y4lUiTEIO4Vl56sNxxCqZ4S3j3FFEc8ekB9): Failed to open stream: No such file or directory at C:\\xampp\\htdocs\\merlintechbd\\merlin_app\\vendor\\laravel\\framework\\src\\Illuminate\\Filesystem\\Filesystem.php:205)
[stacktrace]
#0 C:\\xampp\\htdocs\\merlintechbd\\merlin_app\\vendor\\laravel\\framework\\src\\Illuminate\\Foundation\\Bootstrap\\HandleExceptions.php(254): Illuminate\\Foundation\\Bootstrap\\HandleExceptions->handleError(2, 'file_put_conten...', 'C:\\\\xampp\\\\htdocs...', 205)
#1 [internal function]: Illuminate\\Foundation\\Bootstrap\\HandleExceptions->Illuminate\\Foundation\\Bootstrap\\{closure}(2, 'file_put_conten...', 'C:\\\\xampp\\\\htdocs...', 205)
#2 C:\\xampp\\htdocs\\merlintechbd\\merlin_app\\vendor\\laravel\\framework\\src\\Illuminate\\Filesystem\\Filesystem.php(205): file_put_contents('C:\\\\xampp\\\\htdocs...', 'a:3:{s:6:\"_toke...', 2)
#3 C:\\xampp\\htdocs\\merlintechbd\\merlin_app\\vendor\\laravel\\framework\\src\\Illuminate\\Session\\FileSessionHandler.php(90): Illuminate\\Filesystem\\Filesystem->put('C:\\\\xampp\\\\htdocs...', 'a:3:{s:6:\"_toke...', true)
#4 C:\\xampp\\htdocs\\merlintechbd\\merlin_app\\vendor\\laravel\\framework\\src\\Illuminate\\Session\\Store.php(172): Illuminate\\Session\\FileSessionHandler->write('kRdV9y4lUiTEIO4...', 'a:3:{s:6:\"_toke...')
#5 C:\\xampp\\htdocs\\merlintechbd\\merlin_app\\vendor\\laravel\\framework\\src\\Illuminate\\Session\\Middleware\\StartSession.php(238): Illuminate\\Session\\Store->save()
#6 C:\\xampp\\htdocs\\merlintechbd\\merlin_app\\vendor\\laravel\\framework\\src\\Illuminate\\Session\\Middleware\\StartSession.php(130): Illuminate\\Session\\Middleware\\StartSession->saveSession(Object(Illuminate\\Http\\Request))
#7 C:\\xampp\\htdocs\\merlintechbd\\merlin_app\\vendor\\laravel\\framework\\src\\Illuminate\\Session\\Middleware\\StartSession.php(64): Illuminate\\Session\\Middleware\\StartSession->handleStatefulRequest(Object(Illuminate\\Http\\Request), Object(Illuminate\\Session\\Store), Object(Closure))
#8 C:\\xampp\\htdocs\\merlintechbd\\merlin_app\\vendor\\laravel\\framework\\src\\Illuminate\\Pipeline\\Pipeline.php(180): Illuminate\\Session\\Middleware\\StartSession->handle(Object(Illuminate\\Http\\Request), Object(Closure))
#9 C:\\xampp\\htdocs\\merlintechbd\\merlin_app\\vendor\\laravel\\framework\\src\\Illuminate\\Cookie\\Middleware\\AddQueuedCookiesToResponse.php(37): Illuminate\\Pipeline\\Pipeline->Illuminate\\Pipeline\\{closure}(Object(Illuminate\\Http\\Request))
#10 C:\\xampp\\htdocs\\merlintechbd\\merlin_app\\vendor\\laravel\\framework\\src\\Illuminate\\Pipeline\\Pipeline.php(180): Illuminate\\Cookie\\Middleware\\AddQueuedCookiesToResponse->handle(Object(Illuminate\\Http\\Request), Object(Closure))
#11 C:\\xampp\\htdocs\\merlintechbd\\merlin_app\\vendor\\laravel\\framework\\src\\Illuminate\\Cookie\\Middleware\\EncryptCookies.php(67): Illuminate\\Pipeline\\Pipeline->Illuminate\\Pipeline\\{closure}(Object(Illuminate\\Http\\Request))
#12 C:\\xampp\\htdocs\\merlintechbd\\merlin_app\\vendor\\laravel\\framework\\src\\Illuminate\\Pipeline\\Pipeline.php(180): Illuminate\\Cookie\\Middleware\\EncryptCookies->handle(Object(Illuminate\\Http\\Request), Object(Closure))
#13 C:\\xampp\\htdocs\\merlintechbd\\merlin_app\\vendor\\laravel\\framework\\src\\Illuminate\\Pipeline\\Pipeline.php(116): Illuminate\\Pipeline\\Pipeline->Illuminate\\Pipeline\\{closure}(Object(Illuminate\\Http\\Request))
#14 C:\\xampp\\htdocs\\merlintechbd\\merlin_app\\vendor\\laravel\\framework\\src\\Illuminate\\Routing\\Router.php(798): Illuminate\\Pipeline\\Pipeline->then(Object(Closure))
#15 C:\\xampp\\htdocs\\merlintechbd\\merlin_app\\vendor\\laravel\\framework\\src\\Illuminate\\Routing\\Router.php(777): Illuminate\\Routing\\Router->runRouteWithinStack(Object(Illuminate\\Routing\\Route), Object(Illuminate\\Http\\Request))
#16 C:\\xampp\\htdocs\\merlintechbd\\merlin_app\\vendor\\laravel\\framework\\src\\Illuminate\\Routing\\Router.php(741): Illuminate\\Routing\\Router->runRoute(Object(Illuminate\\Http\\Request), Object(Illuminate\\Routing\\Route))
#17 C:\\xampp\\htdocs\\merlintechbd\\merlin_app\\vendor\\laravel\\framework\\src\\Illuminate\\Routing\\Router.php(730): Illuminate\\Routing\\Router->dispatchToRoute(Object(Illuminate\\Http\\Request))
#18 C:\\xampp\\htdocs\\merlintechbd\\merlin_app\\vendor\\laravel\\framework\\src\\Illuminate\\Foundation\\Http\\Kernel.php(200): Illuminate\\Routing\\Router->dispatch(Object(Illuminate\\Http\\Request))
#19 C:\\xampp\\htdocs\\merlintechbd\\merlin_app\\vendor\\laravel\\framework\\src\\Illuminate\\Pipeline\\Pipeline.php(141): Illuminate\\Foundation\\Http\\Kernel->Illuminate\\Foundation\\Http\\{closure}(Object(Illuminate\\Http\\Request))
#20 C:\\xampp\\htdocs\\merlintechbd\\merlin_app\\vendor\\livewire\\livewire\\src\\DisableBrowserCache.php(19): Illuminate\\Pipeline\\Pipeline->Illuminate\\Pipeline\\{closure}(Object(Illuminate\\Http\\Request))
#21 C:\\xampp\\htdocs\\merlintechbd\\merlin_app\\vendor\\laravel\\framework\\src\\Illuminate\\Pipeline\\Pipeline.php(180): Livewire\\DisableBrowserCache->handle(Object(Illuminate\\Http\\Request), Object(Closure))
#22 C:\\xampp\\htdocs\\merlintechbd\\merlin_app\\vendor\\laravel\\framework\\src\\Illuminate\\Foundation\\Http\\Middleware\\TransformsRequest.php(21): Illuminate\\Pipeline\\Pipeline->Illuminate\\Pipeline\\{closure}(Object(Illuminate\\Http\\Request))
#23 C:\\xampp\\htdocs\\merlintechbd\\merlin_app\\vendor\\laravel\\framework\\src\\Illuminate\\Foundation\\Http\\Middleware\\ConvertEmptyStringsToNull.php(31): Illuminate\\Foundation\\Http\\Middleware\\TransformsRequest->handle(Object(Illuminate\\Http\\Request), Object(Closure))
#24 C:\\xampp\\htdocs\\merlintechbd\\merlin_app\\vendor\\laravel\\framework\\src\\Illuminate\\Pipeline\\Pipeline.php(180): Illuminate\\Foundation\\Http\\Middleware\\ConvertEmptyStringsToNull->handle(Object(Illuminate\\Http\\Request), Object(Closure))
#25 C:\\xampp\\htdocs\\merlintechbd\\merlin_app\\vendor\\laravel\\framework\\src\\Illuminate\\Foundation\\Http\\Middleware\\TransformsRequest.php(21): Illuminate\\Pipeline\\Pipeline->Illuminate\\Pipeline\\{closure}(Object(Illuminate\\Http\\Request))
#26 C:\\xampp\\htdocs\\merlintechbd\\merlin_app\\vendor\\laravel\\framework\\src\\Illuminate\\Foundation\\Http\\Middleware\\TrimStrings.php(40): Illuminate\\Foundation\\Http\\Middleware\\TransformsRequest->handle(Object(Illuminate\\Http\\Request), Object(Closure))
#27 C:\\xampp\\htdocs\\merlintechbd\\merlin_app\\vendor\\laravel\\framework\\src\\Illuminate\\Pipeline\\Pipeline.php(180): Illuminate\\Foundation\\Http\\Middleware\\TrimStrings->handle(Object(Illuminate\\Http\\Request), Object(Closure))
#28 C:\\xampp\\htdocs\\merlintechbd\\merlin_app\\vendor\\laravel\\framework\\src\\Illuminate\\Foundation\\Http\\Middleware\\ValidatePostSize.php(27): Illuminate\\Pipeline\\Pipeline->Illuminate\\Pipeline\\{closure}(Object(Illuminate\\Http\\Request))
#29 C:\\xampp\\htdocs\\merlintechbd\\merlin_app\\vendor\\laravel\\framework\\src\\Illuminate\\Pipeline\\Pipeline.php(180): Illuminate\\Foundation\\Http\\Middleware\\ValidatePostSize->handle(Object(Illuminate\\Http\\Request), Object(Closure))
#30 C:\\xampp\\htdocs\\merlintechbd\\merlin_app\\vendor\\laravel\\framework\\src\\Illuminate\\Foundation\\Http\\Middleware\\PreventRequestsDuringMaintenance.php(86): Illuminate\\Pipeline\\Pipeline->Illuminate\\Pipeline\\{closure}(Object(Illuminate\\Http\\Request))
#31 C:\\xampp\\htdocs\\merlintechbd\\merlin_app\\vendor\\laravel\\framework\\src\\Illuminate\\Pipeline\\Pipeline.php(180): Illuminate\\Foundation\\Http\\Middleware\\PreventRequestsDuringMaintenance->handle(Object(Illuminate\\Http\\Request), Object(Closure))
#32 C:\\xampp\\htdocs\\merlintechbd\\merlin_app\\vendor\\laravel\\framework\\src\\Illuminate\\Http\\Middleware\\HandleCors.php(49): Illuminate\\Pipeline\\Pipeline->Illuminate\\Pipeline\\{closure}(Object(Illuminate\\Http\\Request))
#33 C:\\xampp\\htdocs\\merlintechbd\\merlin_app\\vendor\\laravel\\framework\\src\\Illuminate\\Pipeline\\Pipeline.php(180): Illuminate\\Http\\Middleware\\HandleCors->handle(Object(Illuminate\\Http\\Request), Object(Closure))
#34 C:\\xampp\\htdocs\\merlintechbd\\merlin_app\\vendor\\laravel\\framework\\src\\Illuminate\\Http\\Middleware\\TrustProxies.php(39): Illuminate\\Pipeline\\Pipeline->Illuminate\\Pipeline\\{closure}(Object(Illuminate\\Http\\Request))
#35 C:\\xampp\\htdocs\\merlintechbd\\merlin_app\\vendor\\laravel\\framework\\src\\Illuminate\\Pipeline\\Pipeline.php(180): Illuminate\\Http\\Middleware\\TrustProxies->handle(Object(Illuminate\\Http\\Request), Object(Closure))
#36 C:\\xampp\\htdocs\\merlintechbd\\merlin_app\\vendor\\laravel\\framework\\src\\Illuminate\\Pipeline\\Pipeline.php(116): Illuminate\\Pipeline\\Pipeline->Illuminate\\Pipeline\\{closure}(Object(Illuminate\\Http\\Request))
#37 C:\\xampp\\htdocs\\merlintechbd\\merlin_app\\vendor\\laravel\\framework\\src\\Illuminate\\Foundation\\Http\\Kernel.php(175): Illuminate\\Pipeline\\Pipeline->then(Object(Closure))
#38 C:\\xampp\\htdocs\\merlintechbd\\merlin_app\\vendor\\laravel\\framework\\src\\Illuminate\\Foundation\\Http\\Kernel.php(144): Illuminate\\Foundation\\Http\\Kernel->sendRequestThroughRouter(Object(Illuminate\\Http\\Request))
#39 C:\\xampp\\htdocs\\merlintechbd\\merlin_app\\public\\index.php(59): Illuminate\\Foundation\\Http\\Kernel->handle(Object(Illuminate\\Http\\Request))
#40 C:\\xampp\\htdocs\\merlintechbd\\merlin_app\\vendor\\laravel\\framework\\src\\Illuminate\\Foundation\\resources\\server.php(16): require_once('C:\\\\xampp\\\\htdocs...')
#41 {main}
"} 
